<?xml version="1.0" encoding="UTF-8" ?>
<testsuite tests="1" failures="0" name="com.restaurant.servicesTests.SuperUserServiceTest" time="7.934" errors="1" skipped="0">
  <properties>
[...]
</properties>
  <testcase classname="com.restaurant.servicesTests.SuperUserServiceTest" name="login" time="7.934">
    <error type="java.lang.NullPointerException">java.lang.NullPointerException
	at com.restaurant.servicesTests.SuperUserServiceTest.login(SuperUserServiceTest.java:26)
	at sun.reflect.NativeMethodAccessorImpl.invoke0(Native Method)
	at sun.reflect.NativeMethodAccessorImpl.invoke(NativeMethodAccessorImpl.java:62)
	at sun.reflect.DelegatingMethodAccessorImpl.invoke(DelegatingMethodAccessorImpl.java:43)
	at java.lang.reflect.Method.invoke(Method.java:497)
	at org.junit.runners.model.FrameworkMethod$1.runReflectiveCall(FrameworkMethod.java:44)
	at org.junit.internal.runners.model.ReflectiveCallable.run(ReflectiveCallable.java:15)
	at org.junit.runners.model.FrameworkMethod.invokeExplosively(FrameworkMethod.java:41)
	at org.junit.internal.runners.statements.InvokeMethod.evaluate(InvokeMethod.java:20)
	at org.junit.runners.BlockJUnit4ClassRunner.runChild(BlockJUnit4ClassRunner.java:76)
	at org.junit.runners.BlockJUnit4ClassRunner.runChild(BlockJUnit4ClassRunner.java:50)
	at org.junit.runners.ParentRunner$3.run(ParentRunner.java:193)
	at org.junit.runners.ParentRunner$1.schedule(ParentRunner.java:52)
	at org.junit.runners.ParentRunner.runChildren(ParentRunner.java:191)
	at org.junit.runners.ParentRunner.access$000(ParentRunner.java:42)
	at org.junit.runners.ParentRunner$2.evaluate(ParentRunner.java:184)
	at org.junit.runners.ParentRunner.run(ParentRunner.java:236)
	at org.apache.maven.surefire.junit4.JUnit4Provider.execute(JUnit4Provider.java:252)
	at org.apache.maven.surefire.junit4.JUnit4Provider.executeTestSet(JUnit4Provider.java:141)
	at org.apache.maven.surefire.junit4.JUnit4Provider.invoke(JUnit4Provider.java:112)
	at sun.reflect.NativeMethodAccessorImpl.invoke0(Native Method)
	at sun.reflect.NativeMethodAccessorImpl.invoke(NativeMethodAccessorImpl.java:62)
	at sun.reflect.DelegatingMethodAccessorImpl.invoke(DelegatingMethodAccessorImpl.java:43)
	at java.lang.reflect.Method.invoke(Method.java:497)
	at org.apache.maven.surefire.util.ReflectionUtils.invokeMethodWithArray(ReflectionUtils.java:189)
	at org.apache.maven.surefire.booter.ProviderFactory$ProviderProxy.invoke(ProviderFactory.java:165)
	at org.apache.maven.surefire.booter.ProviderFactory.invokeProvider(ProviderFactory.java:85)
	at org.apache.maven.surefire.booter.ForkedBooter.runSuitesInProcess(ForkedBooter.java:115)
	at org.apache.maven.surefire.booter.ForkedBooter.main(ForkedBooter.java:75)
</error>
    <system-out>2015-12-19 21:48:22,983 DEBUG Starting configuration XmlConfiguration[location=D:\ϳ�������� �� ������\�����\Java EE\project\DAily backup\ElectronicRestaurant\target\classes\log4j2.xml]
2015-12-19 21:48:22,986 DEBUG Generated plugins in 0,000026 seconds, packages: [], preload: false.
2015-12-19 21:48:22,986 DEBUG Found Plugin Map at jar:file:/C:/Users/%d0%9e%d0%bb%d0%b5%d0%ba%d1%81%d0%b0%d0%bd%d0%b4%d1%80/.m2/repository/org/apache/logging/log4j/log4j-core/2.0.2/log4j-core-2.0.2.jar!/META-INF/org/apache/logging/log4j/core/config/plugins/Log4j2Plugins.dat
2015-12-19 21:48:23,387 DEBUG Generated plugins in 0,400762 seconds, packages: [org.apache.logging.log4j.core], preload: true.
2015-12-19 21:48:23,564 DEBUG Generated plugins in 0,173191 seconds, packages: [org.apache.logging.log4j.core], preload: false.
2015-12-19 21:48:23,566 DEBUG Building Plugin[name=layout, class=org.apache.logging.log4j.core.layout.PatternLayout]. Searching for builder factory method...
2015-12-19 21:48:23,568 DEBUG Found builder factory method [newBuilder]: public static org.apache.logging.log4j.core.layout.PatternLayout$Builder org.apache.logging.log4j.core.layout.PatternLayout.newBuilder().
2015-12-19 21:48:23,586 DEBUG Calling build() on class class org.apache.logging.log4j.core.layout.PatternLayout$Builder for element PatternLayout with params(pattern=&quot;%d{HH:mm:ss.SSS} [%t]      %-5level %logger{36} - %msg%n&quot;, Configuration(D:\ϳ�������� �� ������\�����\Java EE\project\DAily backup\ElectronicRestaurant\target\classes\log4j2.xml), null, charset=&quot;null&quot;, alwaysWriteExceptions=&quot;null&quot;, noConsoleNoAnsi=&quot;null&quot;, header=&quot;null&quot;, footer=&quot;null&quot;)
2015-12-19 21:48:23,751 DEBUG Generated plugins in 0,163082 seconds, packages: [org.apache.logging.log4j.core], preload: false.
2015-12-19 21:48:23,752 DEBUG Built Plugin[name=layout] OK from builder factory method.
2015-12-19 21:48:23,753 DEBUG Building Plugin[name=appender, class=org.apache.logging.log4j.core.appender.ConsoleAppender]. Searching for builder factory method...
2015-12-19 21:48:23,755 DEBUG No builder factory method found in class org.apache.logging.log4j.core.appender.ConsoleAppender. Going to try finding a factory method instead.
2015-12-19 21:48:23,755 DEBUG Still building Plugin[name=appender, class=org.apache.logging.log4j.core.appender.ConsoleAppender]. Searching for factory method...
2015-12-19 21:48:23,756 DEBUG Found factory method [createAppender]: public static org.apache.logging.log4j.core.appender.ConsoleAppender org.apache.logging.log4j.core.appender.ConsoleAppender.createAppender(org.apache.logging.log4j.core.Layout,org.apache.logging.log4j.core.Filter,java.lang.String,java.lang.String,java.lang.String,java.lang.String).
2015-12-19 21:48:23,769 DEBUG Calling createAppender on class org.apache.logging.log4j.core.appender.ConsoleAppender for element Console with params(PatternLayout(%d{HH:mm:ss.SSS} [%t]      %-5level %logger{36} - %msg%n), null, target=&quot;SYSTEM_OUT&quot;, name=&quot;Console&quot;, follow=&quot;null&quot;, ignoreExceptions=&quot;null&quot;)
2015-12-19 21:48:23,771 TRACE Trying TCCL for class org.fusesource.jansi.WindowsAnsiOutputStream.
2015-12-19 21:48:23,771 TRACE TCCL didn&apos;t work for class org.fusesource.jansi.WindowsAnsiOutputStream: java.lang.ClassNotFoundException: org.fusesource.jansi.WindowsAnsiOutputStream.
2015-12-19 21:48:23,772 DEBUG Jansi is not installed, cannot find org.fusesource.jansi.WindowsAnsiOutputStream
2015-12-19 21:48:23,773 DEBUG Built Plugin[name=appender] OK from factory method.
2015-12-19 21:48:23,773 DEBUG Building Plugin[name=filter, class=org.apache.logging.log4j.core.filter.ThresholdFilter]. Searching for builder factory method...
2015-12-19 21:48:23,775 DEBUG No builder factory method found in class org.apache.logging.log4j.core.filter.ThresholdFilter. Going to try finding a factory method instead.
2015-12-19 21:48:23,775 DEBUG Still building Plugin[name=filter, class=org.apache.logging.log4j.core.filter.ThresholdFilter]. Searching for factory method...
2015-12-19 21:48:23,778 DEBUG Found factory method [createFilter]: public static org.apache.logging.log4j.core.filter.ThresholdFilter org.apache.logging.log4j.core.filter.ThresholdFilter.createFilter(org.apache.logging.log4j.Level,org.apache.logging.log4j.core.Filter$Result,org.apache.logging.log4j.core.Filter$Result).
2015-12-19 21:48:23,781 DEBUG Calling createFilter on class org.apache.logging.log4j.core.filter.ThresholdFilter for element ThresholdFilter with params(level=&quot;INFO&quot;, onMatch=&quot;ACCEPT&quot;, onMismatch=&quot;DENY&quot;)
2015-12-19 21:48:23,782 DEBUG Built Plugin[name=filter] OK from factory method.
2015-12-19 21:48:23,782 DEBUG Building Plugin[name=layout, class=org.apache.logging.log4j.core.layout.PatternLayout]. Searching for builder factory method...
2015-12-19 21:48:23,783 DEBUG Found builder factory method [newBuilder]: public static org.apache.logging.log4j.core.layout.PatternLayout$Builder org.apache.logging.log4j.core.layout.PatternLayout.newBuilder().
2015-12-19 21:48:23,784 DEBUG Calling build() on class class org.apache.logging.log4j.core.layout.PatternLayout$Builder for element PatternLayout with params(pattern=&quot;%d{dd.MM.yyyy HH:mm:ss.SSS} %-5level  %l %M:
					%msg%n&quot;, Configuration(D:\ϳ�������� �� ������\�����\Java EE\project\DAily backup\ElectronicRestaurant\target\classes\log4j2.xml), null, charset=&quot;null&quot;, alwaysWriteExceptions=&quot;null&quot;, noConsoleNoAnsi=&quot;null&quot;, header=&quot;null&quot;, footer=&quot;null&quot;)
2015-12-19 21:48:23,786 DEBUG Built Plugin[name=layout] OK from builder factory method.
2015-12-19 21:48:23,788 DEBUG Building Plugin[name=SizeBasedTriggeringPolicy, class=org.apache.logging.log4j.core.appender.rolling.SizeBasedTriggeringPolicy]. Searching for builder factory method...
2015-12-19 21:48:23,793 DEBUG No builder factory method found in class org.apache.logging.log4j.core.appender.rolling.SizeBasedTriggeringPolicy. Going to try finding a factory method instead.
2015-12-19 21:48:23,793 DEBUG Still building Plugin[name=SizeBasedTriggeringPolicy, class=org.apache.logging.log4j.core.appender.rolling.SizeBasedTriggeringPolicy]. Searching for factory method...
2015-12-19 21:48:23,794 DEBUG Found factory method [createPolicy]: public static org.apache.logging.log4j.core.appender.rolling.SizeBasedTriggeringPolicy org.apache.logging.log4j.core.appender.rolling.SizeBasedTriggeringPolicy.createPolicy(java.lang.String).
2015-12-19 21:48:23,794 DEBUG Calling createPolicy on class org.apache.logging.log4j.core.appender.rolling.SizeBasedTriggeringPolicy for element SizeBasedTriggeringPolicy with params(size=&quot;10 MB&quot;)
2015-12-19 21:48:23,798 DEBUG Built Plugin[name=SizeBasedTriggeringPolicy] OK from factory method.
2015-12-19 21:48:23,799 DEBUG Building Plugin[name=Policies, class=org.apache.logging.log4j.core.appender.rolling.CompositeTriggeringPolicy]. Searching for builder factory method...
2015-12-19 21:48:23,800 DEBUG No builder factory method found in class org.apache.logging.log4j.core.appender.rolling.CompositeTriggeringPolicy. Going to try finding a factory method instead.
2015-12-19 21:48:23,800 DEBUG Still building Plugin[name=Policies, class=org.apache.logging.log4j.core.appender.rolling.CompositeTriggeringPolicy]. Searching for factory method...
2015-12-19 21:48:23,800 DEBUG Found factory method [createPolicy]: public static org.apache.logging.log4j.core.appender.rolling.CompositeTriggeringPolicy org.apache.logging.log4j.core.appender.rolling.CompositeTriggeringPolicy.createPolicy(org.apache.logging.log4j.core.appender.rolling.TriggeringPolicy[]).
2015-12-19 21:48:23,801 DEBUG Calling createPolicy on class org.apache.logging.log4j.core.appender.rolling.CompositeTriggeringPolicy for element Policies with params(={SizeBasedTriggeringPolicy(size=10485760)})
2015-12-19 21:48:23,801 DEBUG Built Plugin[name=Policies] OK from factory method.
2015-12-19 21:48:23,802 DEBUG Building Plugin[name=DefaultRolloverStrategy, class=org.apache.logging.log4j.core.appender.rolling.DefaultRolloverStrategy]. Searching for builder factory method...
2015-12-19 21:48:23,803 DEBUG No builder factory method found in class org.apache.logging.log4j.core.appender.rolling.DefaultRolloverStrategy. Going to try finding a factory method instead.
2015-12-19 21:48:23,803 DEBUG Still building Plugin[name=DefaultRolloverStrategy, class=org.apache.logging.log4j.core.appender.rolling.DefaultRolloverStrategy]. Searching for factory method...
2015-12-19 21:48:23,804 DEBUG Found factory method [createStrategy]: public static org.apache.logging.log4j.core.appender.rolling.DefaultRolloverStrategy org.apache.logging.log4j.core.appender.rolling.DefaultRolloverStrategy.createStrategy(java.lang.String,java.lang.String,java.lang.String,java.lang.String,org.apache.logging.log4j.core.config.Configuration).
2015-12-19 21:48:23,804 DEBUG Calling createStrategy on class org.apache.logging.log4j.core.appender.rolling.DefaultRolloverStrategy for element DefaultRolloverStrategy with params(max=&quot;4&quot;, min=&quot;1&quot;, fileIndex=&quot;null&quot;, compressionLevel=&quot;null&quot;, Configuration(D:\ϳ�������� �� ������\�����\Java EE\project\DAily backup\ElectronicRestaurant\target\classes\log4j2.xml))
2015-12-19 21:48:23,805 DEBUG Built Plugin[name=DefaultRolloverStrategy] OK from factory method.
2015-12-19 21:48:23,805 DEBUG Building Plugin[name=appender, class=org.apache.logging.log4j.core.appender.RollingFileAppender]. Searching for builder factory method...
2015-12-19 21:48:23,806 DEBUG No builder factory method found in class org.apache.logging.log4j.core.appender.RollingFileAppender. Going to try finding a factory method instead.
2015-12-19 21:48:23,807 DEBUG Still building Plugin[name=appender, class=org.apache.logging.log4j.core.appender.RollingFileAppender]. Searching for factory method...
2015-12-19 21:48:23,807 DEBUG Found factory method [createAppender]: public static org.apache.logging.log4j.core.appender.RollingFileAppender org.apache.logging.log4j.core.appender.RollingFileAppender.createAppender(java.lang.String,java.lang.String,java.lang.String,java.lang.String,java.lang.String,java.lang.String,java.lang.String,org.apache.logging.log4j.core.appender.rolling.TriggeringPolicy,org.apache.logging.log4j.core.appender.rolling.RolloverStrategy,org.apache.logging.log4j.core.Layout,org.apache.logging.log4j.core.Filter,java.lang.String,java.lang.String,java.lang.String,org.apache.logging.log4j.core.config.Configuration).
2015-12-19 21:48:23,815 DEBUG Calling createAppender on class org.apache.logging.log4j.core.appender.RollingFileAppender for element RollingFile with params(fileName=&quot;../ElectronicRestaurant/logs/userActivity.log&quot;, filePattern=&quot;../logs/application-%d{MM-dd-yyyy}-%i.log&quot;, append=&quot;null&quot;, name=&quot;userActivity&quot;, bufferedIO=&quot;null&quot;, bufferSize=&quot;null&quot;, immediateFlush=&quot;null&quot;, Policies(CompositeTriggeringPolicy{SizeBasedTriggeringPolicy(size=10485760)}), DefaultRolloverStrategy(DefaultRolloverStrategy(min=1, max=4)), PatternLayout(%d{dd.MM.yyyy HH:mm:ss.SSS} %-5level  %l %M:
					%msg%n), ThresholdFilter(INFO), ignoreExceptions=&quot;null&quot;, advertise=&quot;null&quot;, advertiseURI=&quot;null&quot;, Configuration(D:\ϳ�������� �� ������\�����\Java EE\project\DAily backup\ElectronicRestaurant\target\classes\log4j2.xml))
2015-12-19 21:48:23,818 DEBUG Starting RollingFileManager ../ElectronicRestaurant/logs/userActivity.log
2015-12-19 21:48:23,988 DEBUG Generated plugins in 0,168309 seconds, packages: [org.apache.logging.log4j.core], preload: false.
2015-12-19 21:48:23,989 DEBUG Built Plugin[name=appender] OK from factory method.
2015-12-19 21:48:23,990 DEBUG Building Plugin[name=layout, class=org.apache.logging.log4j.core.layout.PatternLayout]. Searching for builder factory method...
2015-12-19 21:48:23,990 DEBUG Found builder factory method [newBuilder]: public static org.apache.logging.log4j.core.layout.PatternLayout$Builder org.apache.logging.log4j.core.layout.PatternLayout.newBuilder().
2015-12-19 21:48:23,991 DEBUG Calling build() on class class org.apache.logging.log4j.core.layout.PatternLayout$Builder for element PatternLayout with params(pattern=&quot;%d{dd.MM.yyyy HH:mm:ss.SSS} %-5level  %l %M: 
					%msg%n&quot;, Configuration(D:\ϳ�������� �� ������\�����\Java EE\project\DAily backup\ElectronicRestaurant\target\classes\log4j2.xml), null, charset=&quot;null&quot;, alwaysWriteExceptions=&quot;null&quot;, noConsoleNoAnsi=&quot;null&quot;, header=&quot;null&quot;, footer=&quot;null&quot;)
2015-12-19 21:48:23,992 DEBUG Built Plugin[name=layout] OK from builder factory method.
2015-12-19 21:48:23,992 DEBUG Building Plugin[name=SizeBasedTriggeringPolicy, class=org.apache.logging.log4j.core.appender.rolling.SizeBasedTriggeringPolicy]. Searching for builder factory method...
2015-12-19 21:48:23,993 DEBUG No builder factory method found in class org.apache.logging.log4j.core.appender.rolling.SizeBasedTriggeringPolicy. Going to try finding a factory method instead.
2015-12-19 21:48:23,993 DEBUG Still building Plugin[name=SizeBasedTriggeringPolicy, class=org.apache.logging.log4j.core.appender.rolling.SizeBasedTriggeringPolicy]. Searching for factory method...
2015-12-19 21:48:23,993 DEBUG Found factory method [createPolicy]: public static org.apache.logging.log4j.core.appender.rolling.SizeBasedTriggeringPolicy org.apache.logging.log4j.core.appender.rolling.SizeBasedTriggeringPolicy.createPolicy(java.lang.String).
2015-12-19 21:48:23,994 DEBUG Calling createPolicy on class org.apache.logging.log4j.core.appender.rolling.SizeBasedTriggeringPolicy for element SizeBasedTriggeringPolicy with params(size=&quot;10 MB&quot;)
2015-12-19 21:48:23,994 DEBUG Built Plugin[name=SizeBasedTriggeringPolicy] OK from factory method.
2015-12-19 21:48:23,995 DEBUG Building Plugin[name=Policies, class=org.apache.logging.log4j.core.appender.rolling.CompositeTriggeringPolicy]. Searching for builder factory method...
2015-12-19 21:48:23,995 DEBUG No builder factory method found in class org.apache.logging.log4j.core.appender.rolling.CompositeTriggeringPolicy. Going to try finding a factory method instead.
2015-12-19 21:48:23,996 DEBUG Still building Plugin[name=Policies, class=org.apache.logging.log4j.core.appender.rolling.CompositeTriggeringPolicy]. Searching for factory method...
2015-12-19 21:48:23,996 DEBUG Found factory method [createPolicy]: public static org.apache.logging.log4j.core.appender.rolling.CompositeTriggeringPolicy org.apache.logging.log4j.core.appender.rolling.CompositeTriggeringPolicy.createPolicy(org.apache.logging.log4j.core.appender.rolling.TriggeringPolicy[]).
2015-12-19 21:48:24,001 DEBUG Calling createPolicy on class org.apache.logging.log4j.core.appender.rolling.CompositeTriggeringPolicy for element Policies with params(={SizeBasedTriggeringPolicy(size=10485760)})
2015-12-19 21:48:24,002 DEBUG Built Plugin[name=Policies] OK from factory method.
2015-12-19 21:48:24,002 DEBUG Building Plugin[name=DefaultRolloverStrategy, class=org.apache.logging.log4j.core.appender.rolling.DefaultRolloverStrategy]. Searching for builder factory method...
2015-12-19 21:48:24,003 DEBUG No builder factory method found in class org.apache.logging.log4j.core.appender.rolling.DefaultRolloverStrategy. Going to try finding a factory method instead.
2015-12-19 21:48:24,012 DEBUG Still building Plugin[name=DefaultRolloverStrategy, class=org.apache.logging.log4j.core.appender.rolling.DefaultRolloverStrategy]. Searching for factory method...
2015-12-19 21:48:24,014 DEBUG Found factory method [createStrategy]: public static org.apache.logging.log4j.core.appender.rolling.DefaultRolloverStrategy org.apache.logging.log4j.core.appender.rolling.DefaultRolloverStrategy.createStrategy(java.lang.String,java.lang.String,java.lang.String,java.lang.String,org.apache.logging.log4j.core.config.Configuration).
2015-12-19 21:48:24,016 DEBUG Calling createStrategy on class org.apache.logging.log4j.core.appender.rolling.DefaultRolloverStrategy for element DefaultRolloverStrategy with params(max=&quot;4&quot;, min=&quot;1&quot;, fileIndex=&quot;null&quot;, compressionLevel=&quot;null&quot;, Configuration(D:\ϳ�������� �� ������\�����\Java EE\project\DAily backup\ElectronicRestaurant\target\classes\log4j2.xml))
2015-12-19 21:48:24,018 DEBUG Built Plugin[name=DefaultRolloverStrategy] OK from factory method.
2015-12-19 21:48:24,022 DEBUG Building Plugin[name=appender, class=org.apache.logging.log4j.core.appender.RollingFileAppender]. Searching for builder factory method...
2015-12-19 21:48:24,022 DEBUG No builder factory method found in class org.apache.logging.log4j.core.appender.RollingFileAppender. Going to try finding a factory method instead.
2015-12-19 21:48:24,023 DEBUG Still building Plugin[name=appender, class=org.apache.logging.log4j.core.appender.RollingFileAppender]. Searching for factory method...
2015-12-19 21:48:24,023 DEBUG Found factory method [createAppender]: public static org.apache.logging.log4j.core.appender.RollingFileAppender org.apache.logging.log4j.core.appender.RollingFileAppender.createAppender(java.lang.String,java.lang.String,java.lang.String,java.lang.String,java.lang.String,java.lang.String,java.lang.String,org.apache.logging.log4j.core.appender.rolling.TriggeringPolicy,org.apache.logging.log4j.core.appender.rolling.RolloverStrategy,org.apache.logging.log4j.core.Layout,org.apache.logging.log4j.core.Filter,java.lang.String,java.lang.String,java.lang.String,org.apache.logging.log4j.core.config.Configuration).
2015-12-19 21:48:24,029 DEBUG Calling createAppender on class org.apache.logging.log4j.core.appender.RollingFileAppender for element RollingFile with params(fileName=&quot;../ElectronicRestaurant/logs/systemLog.log&quot;, filePattern=&quot;../logs/application-%d{MM-dd-yyyy}-%i.log&quot;, append=&quot;null&quot;, name=&quot;systemActivity&quot;, bufferedIO=&quot;null&quot;, bufferSize=&quot;null&quot;, immediateFlush=&quot;null&quot;, Policies(CompositeTriggeringPolicy{SizeBasedTriggeringPolicy(size=10485760)}), DefaultRolloverStrategy(DefaultRolloverStrategy(min=1, max=4)), PatternLayout(%d{dd.MM.yyyy HH:mm:ss.SSS} %-5level  %l %M: 
					%msg%n), null, ignoreExceptions=&quot;null&quot;, advertise=&quot;null&quot;, advertiseURI=&quot;null&quot;, Configuration(D:\ϳ�������� �� ������\�����\Java EE\project\DAily backup\ElectronicRestaurant\target\classes\log4j2.xml))
2015-12-19 21:48:24,033 DEBUG Starting RollingFileManager ../ElectronicRestaurant/logs/systemLog.log
2015-12-19 21:48:24,205 DEBUG Generated plugins in 0,170882 seconds, packages: [org.apache.logging.log4j.core], preload: false.
2015-12-19 21:48:24,206 DEBUG Built Plugin[name=appender] OK from factory method.
2015-12-19 21:48:24,206 DEBUG Building Plugin[name=appenders, class=org.apache.logging.log4j.core.config.AppendersPlugin]. Searching for builder factory method...
2015-12-19 21:48:24,207 DEBUG No builder factory method found in class org.apache.logging.log4j.core.config.AppendersPlugin. Going to try finding a factory method instead.
2015-12-19 21:48:24,208 DEBUG Still building Plugin[name=appenders, class=org.apache.logging.log4j.core.config.AppendersPlugin]. Searching for factory method...
2015-12-19 21:48:24,208 DEBUG Found factory method [createAppenders]: public static java.util.concurrent.ConcurrentMap org.apache.logging.log4j.core.config.AppendersPlugin.createAppenders(org.apache.logging.log4j.core.Appender[]).
2015-12-19 21:48:24,210 DEBUG Calling createAppenders on class org.apache.logging.log4j.core.config.AppendersPlugin for element appenders with params(={Console, userActivity, systemActivity})
2015-12-19 21:48:24,211 DEBUG Built Plugin[name=appenders] OK from factory method.
2015-12-19 21:48:24,212 DEBUG Building Plugin[name=appender-ref, class=org.apache.logging.log4j.core.config.AppenderRef]. Searching for builder factory method...
2015-12-19 21:48:24,213 DEBUG No builder factory method found in class org.apache.logging.log4j.core.config.AppenderRef. Going to try finding a factory method instead.
2015-12-19 21:48:24,213 DEBUG Still building Plugin[name=appender-ref, class=org.apache.logging.log4j.core.config.AppenderRef]. Searching for factory method...
2015-12-19 21:48:24,213 DEBUG Found factory method [createAppenderRef]: public static org.apache.logging.log4j.core.config.AppenderRef org.apache.logging.log4j.core.config.AppenderRef.createAppenderRef(java.lang.String,org.apache.logging.log4j.Level,org.apache.logging.log4j.core.Filter).
2015-12-19 21:48:24,214 DEBUG Calling createAppenderRef on class org.apache.logging.log4j.core.config.AppenderRef for element appender-ref with params(ref=&quot;Console&quot;, level=&quot;null&quot;, null)
2015-12-19 21:48:24,215 DEBUG Built Plugin[name=appender-ref] OK from factory method.
2015-12-19 21:48:24,215 DEBUG Building Plugin[name=appender-ref, class=org.apache.logging.log4j.core.config.AppenderRef]. Searching for builder factory method...
2015-12-19 21:48:24,216 DEBUG No builder factory method found in class org.apache.logging.log4j.core.config.AppenderRef. Going to try finding a factory method instead.
2015-12-19 21:48:24,217 DEBUG Still building Plugin[name=appender-ref, class=org.apache.logging.log4j.core.config.AppenderRef]. Searching for factory method...
2015-12-19 21:48:24,217 DEBUG Found factory method [createAppenderRef]: public static org.apache.logging.log4j.core.config.AppenderRef org.apache.logging.log4j.core.config.AppenderRef.createAppenderRef(java.lang.String,org.apache.logging.log4j.Level,org.apache.logging.log4j.core.Filter).
2015-12-19 21:48:24,219 DEBUG Calling createAppenderRef on class org.apache.logging.log4j.core.config.AppenderRef for element appender-ref with params(ref=&quot;systemActivity&quot;, level=&quot;null&quot;, null)
2015-12-19 21:48:24,219 DEBUG Built Plugin[name=appender-ref] OK from factory method.
2015-12-19 21:48:24,220 DEBUG Building Plugin[name=appender-ref, class=org.apache.logging.log4j.core.config.AppenderRef]. Searching for builder factory method...
2015-12-19 21:48:24,220 DEBUG No builder factory method found in class org.apache.logging.log4j.core.config.AppenderRef. Going to try finding a factory method instead.
2015-12-19 21:48:24,221 DEBUG Still building Plugin[name=appender-ref, class=org.apache.logging.log4j.core.config.AppenderRef]. Searching for factory method...
2015-12-19 21:48:24,221 DEBUG Found factory method [createAppenderRef]: public static org.apache.logging.log4j.core.config.AppenderRef org.apache.logging.log4j.core.config.AppenderRef.createAppenderRef(java.lang.String,org.apache.logging.log4j.Level,org.apache.logging.log4j.core.Filter).
2015-12-19 21:48:24,222 DEBUG Calling createAppenderRef on class org.apache.logging.log4j.core.config.AppenderRef for element appender-ref with params(ref=&quot;userActivity&quot;, level=&quot;null&quot;, null)
2015-12-19 21:48:24,222 DEBUG Built Plugin[name=appender-ref] OK from factory method.
2015-12-19 21:48:24,223 DEBUG Building Plugin[name=root, class=org.apache.logging.log4j.core.config.LoggerConfig$RootLogger]. Searching for builder factory method...
2015-12-19 21:48:24,223 DEBUG No builder factory method found in class org.apache.logging.log4j.core.config.LoggerConfig$RootLogger. Going to try finding a factory method instead.
2015-12-19 21:48:24,224 DEBUG Still building Plugin[name=root, class=org.apache.logging.log4j.core.config.LoggerConfig$RootLogger]. Searching for factory method...
2015-12-19 21:48:24,224 DEBUG Found factory method [createLogger]: public static org.apache.logging.log4j.core.config.LoggerConfig org.apache.logging.log4j.core.config.LoggerConfig$RootLogger.createLogger(java.lang.String,org.apache.logging.log4j.Level,java.lang.String,org.apache.logging.log4j.core.config.AppenderRef[],org.apache.logging.log4j.core.config.Property[],org.apache.logging.log4j.core.config.Configuration,org.apache.logging.log4j.core.Filter).
2015-12-19 21:48:24,225 DEBUG Calling createLogger on class org.apache.logging.log4j.core.config.LoggerConfig$RootLogger for element root with params(additivity=&quot;null&quot;, level=&quot;DEBUG&quot;, includeLocation=&quot;null&quot;, ={Console, systemActivity, userActivity}, ={}, Configuration(D:\ϳ�������� �� ������\�����\Java EE\project\DAily backup\ElectronicRestaurant\target\classes\log4j2.xml), null)
2015-12-19 21:48:24,225 DEBUG Built Plugin[name=root] OK from factory method.
2015-12-19 21:48:24,226 DEBUG Building Plugin[name=loggers, class=org.apache.logging.log4j.core.config.LoggersPlugin]. Searching for builder factory method...
2015-12-19 21:48:24,226 DEBUG No builder factory method found in class org.apache.logging.log4j.core.config.LoggersPlugin. Going to try finding a factory method instead.
2015-12-19 21:48:24,227 DEBUG Still building Plugin[name=loggers, class=org.apache.logging.log4j.core.config.LoggersPlugin]. Searching for factory method...
2015-12-19 21:48:24,227 DEBUG Found factory method [createLoggers]: public static org.apache.logging.log4j.core.config.Loggers org.apache.logging.log4j.core.config.LoggersPlugin.createLoggers(org.apache.logging.log4j.core.config.LoggerConfig[]).
2015-12-19 21:48:24,227 DEBUG Calling createLoggers on class org.apache.logging.log4j.core.config.LoggersPlugin for element loggers with params(={root})
2015-12-19 21:48:24,228 DEBUG Built Plugin[name=loggers] OK from factory method.
2015-12-19 21:48:24,228 DEBUG Started configuration XmlConfiguration[location=D:\ϳ�������� �� ������\�����\Java EE\project\DAily backup\ElectronicRestaurant\target\classes\log4j2.xml] OK.
2015-12-19 21:48:24,229 TRACE Stopping org.apache.logging.log4j.core.config.DefaultConfiguration@5e82df6a...
2015-12-19 21:48:24,229 TRACE AbstractConfiguration stopped 0 AsyncLoggerConfigs.
2015-12-19 21:48:24,230 TRACE AbstractConfiguration stopped 0 AsyncAppenders.
2015-12-19 21:48:24,230 TRACE AbstractConfiguration stopped 1 Appenders.
2015-12-19 21:48:24,230 TRACE AbstractConfiguration stopped 0 Loggers.
2015-12-19 21:48:24,231 DEBUG Stopped org.apache.logging.log4j.core.config.DefaultConfiguration@5e82df6a OK
2015-12-19 21:48:24,316 DEBUG Registering MBean org.apache.logging.log4j2:type=sun.misc.Launcher$AppClassLoader@75b84c92
2015-12-19 21:48:24,321 DEBUG Registering MBean org.apache.logging.log4j2:type=sun.misc.Launcher$AppClassLoader@75b84c92,component=StatusLogger
2015-12-19 21:48:24,325 DEBUG Registering MBean org.apache.logging.log4j2:type=sun.misc.Launcher$AppClassLoader@75b84c92,component=ContextSelector
2015-12-19 21:48:24,326 DEBUG Registering MBean org.apache.logging.log4j2:type=sun.misc.Launcher$AppClassLoader@75b84c92,component=Loggers,name=
2015-12-19 21:48:24,328 DEBUG Registering MBean org.apache.logging.log4j2:type=sun.misc.Launcher$AppClassLoader@75b84c92,component=Appenders,name=Console
2015-12-19 21:48:24,343 DEBUG Registering MBean org.apache.logging.log4j2:type=sun.misc.Launcher$AppClassLoader@75b84c92,component=Appenders,name=userActivity
2015-12-19 21:48:24,343 DEBUG Registering MBean org.apache.logging.log4j2:type=sun.misc.Launcher$AppClassLoader@75b84c92,component=Appenders,name=systemActivity
2015-12-19 21:48:24,344 DEBUG Reconfiguration complete for context[name=sun.misc.Launcher$AppClassLoader@75b84c92] at null (org.apache.logging.log4j.core.LoggerContext@661972b0)
2015-12-19 21:48:24,344 DEBUG Shutdown hook enabled. Registering a new one.
2015-12-19 21:48:24,344 DEBUG LoggerContext[name=sun.misc.Launcher$AppClassLoader@75b84c92, org.apache.logging.log4j.core.LoggerContext@661972b0] started OK.
2015-12-19 21:48:24,440 DEBUG Using default SystemClock for timestamps
21:48:24.445 [main]      DEBUG org.springframework.core.env.StandardEnvironment - Adding [systemProperties] PropertySource with lowest search precedence
21:48:24.449 [main]      DEBUG org.springframework.core.env.StandardEnvironment - Adding [systemEnvironment] PropertySource with lowest search precedence
21:48:24.450 [main]      DEBUG org.springframework.core.env.StandardEnvironment - Initialized StandardEnvironment with PropertySources [systemProperties,systemEnvironment]
21:48:24.456 [main]      INFO  org.springframework.context.support.ClassPathXmlApplicationContext - Refreshing org.springframework.context.support.ClassPathXmlApplicationContext@4f18837a: startup date [Sat Dec 19 21:48:24 EET 2015]; root of context hierarchy
21:48:24.504 [main]      DEBUG org.springframework.core.env.StandardEnvironment - Adding [systemProperties] PropertySource with lowest search precedence
21:48:24.507 [main]      DEBUG org.springframework.core.env.StandardEnvironment - Adding [systemEnvironment] PropertySource with lowest search precedence
21:48:24.518 [main]      DEBUG org.springframework.core.env.StandardEnvironment - Initialized StandardEnvironment with PropertySources [systemProperties,systemEnvironment]
21:48:24.547 [main]      INFO  org.springframework.beans.factory.xml.XmlBeanDefinitionReader - Loading XML bean definitions from class path resource [beans.xml]
21:48:24.555 [main]      DEBUG org.springframework.beans.factory.xml.DefaultDocumentLoader - Using JAXP provider [com.sun.org.apache.xerces.internal.jaxp.DocumentBuilderFactoryImpl]
21:48:24.597 [main]      DEBUG org.springframework.beans.factory.xml.PluggableSchemaResolver - Loading schema mappings from [META-INF/spring.schemas]
21:48:24.607 [main]      DEBUG org.springframework.beans.factory.xml.PluggableSchemaResolver - Loaded schema mappings: {http://www.springframework.org/schema/tx/spring-tx-2.5.xsd=org/springframework/transaction/config/spring-tx-2.5.xsd, http://www.springframework.org/schema/aop/spring-aop-4.1.xsd=org/springframework/aop/config/spring-aop-4.1.xsd, http://www.springframework.org/schema/context/spring-context-3.1.xsd=org/springframework/context/config/spring-context-3.1.xsd, http://www.springframework.org/schema/jdbc/spring-jdbc-4.1.xsd=org/springframework/jdbc/config/spring-jdbc-4.1.xsd, http://www.springframework.org/schema/mvc/spring-mvc-4.1.xsd=org/springframework/web/servlet/config/spring-mvc-4.1.xsd, http://www.springframework.org/schema/util/spring-util-3.0.xsd=org/springframework/beans/factory/xml/spring-util-3.0.xsd, http://www.springframework.org/schema/security/spring-security-3.0.3.xsd=org/springframework/security/config/spring-security-3.0.3.xsd, http://www.springframework.org/schema/security/spring-security-2.0.1.xsd=org/springframework/security/config/spring-security-2.0.1.xsd, http://www.springframework.org/schema/tool/spring-tool.xsd=org/springframework/beans/factory/xml/spring-tool-4.1.xsd, http://www.springframework.org/schema/aop/spring-aop-3.2.xsd=org/springframework/aop/config/spring-aop-3.2.xsd, http://www.springframework.org/schema/lang/spring-lang-4.1.xsd=org/springframework/scripting/config/spring-lang-4.1.xsd, http://www.springframework.org/schema/context/spring-context-4.0.xsd=org/springframework/context/config/spring-context-4.0.xsd, http://www.springframework.org/schema/mvc/spring-mvc-3.2.xsd=org/springframework/web/servlet/config/spring-mvc-3.2.xsd, http://www.springframework.org/schema/tool/spring-tool-4.1.xsd=org/springframework/beans/factory/xml/spring-tool-4.1.xsd, http://www.springframework.org/schema/lang/spring-lang-3.2.xsd=org/springframework/scripting/config/spring-lang-3.2.xsd, http://www.springframework.org/schema/cache/spring-cache-3.2.xsd=org/springframework/cache/config/spring-cache-3.2.xsd, http://www.springframework.org/schema/jee/spring-jee-4.1.xsd=org/springframework/ejb/config/spring-jee-4.1.xsd, http://www.springframework.org/schema/jdbc/spring-jdbc-3.1.xsd=org/springframework/jdbc/config/spring-jdbc-3.1.xsd, http://www.springframework.org/schema/util/spring-util-2.0.xsd=org/springframework/beans/factory/xml/spring-util-2.0.xsd, http://www.springframework.org/schema/tool/spring-tool-3.2.xsd=org/springframework/beans/factory/xml/spring-tool-3.2.xsd, http://www.springframework.org/schema/context/spring-context.xsd=org/springframework/context/config/spring-context-4.1.xsd, http://www.springframework.org/schema/cache/spring-cache-4.1.xsd=org/springframework/cache/config/spring-cache-4.1.xsd, http://www.springframework.org/schema/aop/spring-aop-4.0.xsd=org/springframework/aop/config/spring-aop-4.0.xsd, http://www.springframework.org/schema/security/spring-security-2.0.xsd=org/springframework/security/config/spring-security-2.0.xsd, http://www.springframework.org/schema/jee/spring-jee-3.2.xsd=org/springframework/ejb/config/spring-jee-3.2.xsd, http://www.springframework.org/schema/context/spring-context-3.0.xsd=org/springframework/context/config/spring-context-3.0.xsd, http://www.springframework.org/schema/jdbc/spring-jdbc-4.0.xsd=org/springframework/jdbc/config/spring-jdbc-4.0.xsd, http://www.springframework.org/schema/mvc/spring-mvc-4.0.xsd=org/springframework/web/servlet/config/spring-mvc-4.0.xsd, http://www.springframework.org/schema/util/spring-util-2.5.xsd=org/springframework/beans/factory/xml/spring-util-2.5.xsd, http://www.springframework.org/schema/beans/spring-beans-3.2.xsd=org/springframework/beans/factory/xml/spring-beans-3.2.xsd, http://www.springframework.org/schema/aop/spring-aop-3.1.xsd=org/springframework/aop/config/spring-aop-3.1.xsd, http://www.springframework.org/schema/lang/spring-lang-4.0.xsd=org/springframework/scripting/config/spring-lang-4.0.xsd, http://www.springframework.org/schema/mvc/spring-mvc.xsd=org/springframework/web/servlet/config/spring-mvc-4.2.xsd, http://www.springframework.org/schema/mvc/spring-mvc-3.1.xsd=org/springframework/web/servlet/config/spring-mvc-3.1.xsd, http://www.springframework.org/schema/beans/spring-beans-4.1.xsd=org/springframework/beans/factory/xml/spring-beans-4.1.xsd, http://www.springframework.org/schema/tool/spring-tool-4.0.xsd=org/springframework/beans/factory/xml/spring-tool-4.0.xsd, http://www.springframework.org/schema/lang/spring-lang-3.1.xsd=org/springframework/scripting/config/spring-lang-3.1.xsd, http://www.springframework.org/schema/tx/spring-tx-3.2.xsd=org/springframework/transaction/config/spring-tx-3.2.xsd, http://www.springframework.org/schema/cache/spring-cache-3.1.xsd=org/springframework/cache/config/spring-cache-3.1.xsd, http://www.springframework.org/schema/jee/spring-jee-4.0.xsd=org/springframework/ejb/config/spring-jee-4.0.xsd, http://www.springframework.org/schema/jdbc/spring-jdbc-3.0.xsd=org/springframework/jdbc/config/spring-jdbc-3.0.xsd, http://www.springframework.org/schema/task/spring-task-4.1.xsd=org/springframework/scheduling/config/spring-task-4.1.xsd, http://www.springframework.org/schema/jdbc/spring-jdbc.xsd=org/springframework/jdbc/config/spring-jdbc-4.1.xsd, http://www.springframework.org/schema/tool/spring-tool-3.1.xsd=org/springframework/beans/factory/xml/spring-tool-3.1.xsd, http://www.springframework.org/schema/tx/spring-tx-4.1.xsd=org/springframework/transaction/config/spring-tx-4.1.xsd, http://www.springframework.org/schema/cache/spring-cache-4.0.xsd=org/springframework/cache/config/spring-cache-4.0.xsd, http://www.springframework.org/schema/jee/spring-jee-3.1.xsd=org/springframework/ejb/config/spring-jee-3.1.xsd, http://www.springframework.org/schema/task/spring-task-3.2.xsd=org/springframework/scheduling/config/spring-task-3.2.xsd, http://www.springframework.org/schema/beans/spring-beans-3.1.xsd=org/springframework/beans/factory/xml/spring-beans-3.1.xsd, http://www.springframework.org/schema/util/spring-util.xsd=org/springframework/beans/factory/xml/spring-util-4.1.xsd, http://www.springframework.org/schema/aop/spring-aop-3.0.xsd=org/springframework/aop/config/spring-aop-3.0.xsd, http://www.springframework.org/schema/mvc/spring-mvc-3.0.xsd=org/springframework/web/servlet/config/spring-mvc-3.0.xsd, http://www.springframework.org/schema/beans/spring-beans-4.0.xsd=org/springframework/beans/factory/xml/spring-beans-4.0.xsd, http://www.springframework.org/schema/beans/spring-beans.xsd=org/springframework/beans/factory/xml/spring-beans-4.1.xsd, http://www.springframework.org/schema/security/spring-security-2.0.4.xsd=org/springframework/security/config/spring-security-2.0.4.xsd, http://www.springframework.org/schema/lang/spring-lang-3.0.xsd=org/springframework/scripting/config/spring-lang-3.0.xsd, http://www.springframework.org/schema/tx/spring-tx-3.1.xsd=org/springframework/transaction/config/spring-tx-3.1.xsd, http://www.springframework.org/schema/context/spring-context-2.5.xsd=org/springframework/context/config/spring-context-2.5.xsd, http://www.springframework.org/schema/task/spring-task-4.0.xsd=org/springframework/scheduling/config/spring-task-4.0.xsd, http://www.springframework.org/schema/tool/spring-tool-3.0.xsd=org/springframework/beans/factory/xml/spring-tool-3.0.xsd, http://www.springframework.org/schema/tx/spring-tx-4.0.xsd=org/springframework/transaction/config/spring-tx-4.0.xsd, http://www.springframework.org/schema/aop/spring-aop-2.0.xsd=org/springframework/aop/config/spring-aop-2.0.xsd, http://www.springframework.org/schema/security/spring-security-3.2.xsd=org/springframework/security/config/spring-security-3.2.xsd, http://www.springframework.org/schema/jee/spring-jee-3.0.xsd=org/springframework/ejb/config/spring-jee-3.0.xsd, http://www.springframework.org/schema/util/spring-util-4.1.xsd=org/springframework/beans/factory/xml/spring-util-4.1.xsd, http://www.springframework.org/schema/task/spring-task-3.1.xsd=org/springframework/scheduling/config/spring-task-3.1.xsd, http://www.springframework.org/schema/beans/spring-beans-3.0.xsd=org/springframework/beans/factory/xml/spring-beans-3.0.xsd, http://www.springframework.org/schema/jee/spring-jee.xsd=org/springframework/ejb/config/spring-jee-4.1.xsd, http://www.springframework.org/schema/aop/spring-aop-2.5.xsd=org/springframework/aop/config/spring-aop-2.5.xsd, http://www.springframework.org/schema/lang/spring-lang-2.0.xsd=org/springframework/scripting/config/spring-lang-2.0.xsd, http://www.springframework.org/schema/util/spring-util-3.2.xsd=org/springframework/beans/factory/xml/spring-util-3.2.xsd, http://www.springframework.org/schema/task/spring-task.xsd=org/springframework/scheduling/config/spring-task-4.1.xsd, http://www.springframework.org/schema/tool/spring-tool-2.0.xsd=org/springframework/beans/factory/xml/spring-tool-2.0.xsd, http://www.springframework.org/schema/tx/spring-tx-3.0.xsd=org/springframework/transaction/config/spring-tx-3.0.xsd, http://www.springframework.org/schema/lang/spring-lang-2.5.xsd=org/springframework/scripting/config/spring-lang-2.5.xsd, http://www.springframework.org/schema/jee/spring-jee-2.0.xsd=org/springframework/ejb/config/spring-jee-2.0.xsd, http://www.springframework.org/schema/tool/spring-tool-2.5.xsd=org/springframework/beans/factory/xml/spring-tool-2.5.xsd, http://www.springframework.org/schema/security/spring-security-3.1.xsd=org/springframework/security/config/spring-security-3.1.xsd, http://www.springframework.org/schema/jee/spring-jee-2.5.xsd=org/springframework/ejb/config/spring-jee-2.5.xsd, http://www.springframework.org/schema/util/spring-util-4.0.xsd=org/springframework/beans/factory/xml/spring-util-4.0.xsd, http://www.springframework.org/schema/task/spring-task-3.0.xsd=org/springframework/scheduling/config/spring-task-3.0.xsd, http://www.springframework.org/schema/security/spring-security-4.0.xsd=org/springframework/security/config/spring-security-4.0.xsd, http://www.springframework.org/schema/lang/spring-lang.xsd=org/springframework/scripting/config/spring-lang-4.1.xsd, http://www.springframework.org/schema/context/spring-context-3.2.xsd=org/springframework/context/config/spring-context-3.2.xsd, http://www.springframework.org/schema/mvc/spring-mvc-4.2.xsd=org/springframework/web/servlet/config/spring-mvc-4.2.xsd, http://www.springframework.org/schema/util/spring-util-3.1.xsd=org/springframework/beans/factory/xml/spring-util-3.1.xsd, http://www.springframework.org/schema/beans/spring-beans-2.0.xsd=org/springframework/beans/factory/xml/spring-beans-2.0.xsd, http://www.springframework.org/schema/cache/spring-cache.xsd=org/springframework/cache/config/spring-cache-4.1.xsd, http://www.springframework.org/schema/tx/spring-tx.xsd=org/springframework/transaction/config/spring-tx-4.1.xsd, http://www.springframework.org/schema/security/spring-security-2.0.2.xsd=org/springframework/security/config/spring-security-2.0.2.xsd, http://www.springframework.org/schema/context/spring-context-4.1.xsd=org/springframework/context/config/spring-context-4.1.xsd, http://www.springframework.org/schema/beans/spring-beans-2.5.xsd=org/springframework/beans/factory/xml/spring-beans-2.5.xsd, http://www.springframework.org/schema/security/spring-security.xsd=org/springframework/security/config/spring-security-4.0.xsd, http://www.springframework.org/schema/tx/spring-tx-2.0.xsd=org/springframework/transaction/config/spring-tx-2.0.xsd, http://www.springframework.org/schema/security/spring-security-3.0.xsd=org/springframework/security/config/spring-security-3.0.xsd, http://www.springframework.org/schema/jdbc/spring-jdbc-3.2.xsd=org/springframework/jdbc/config/spring-jdbc-3.2.xsd, http://www.springframework.org/schema/aop/spring-aop.xsd=org/springframework/aop/config/spring-aop-4.1.xsd}
21:48:24.621 [main]      DEBUG org.springframework.beans.factory.xml.PluggableSchemaResolver - Found XML schema [http://www.springframework.org/schema/beans/spring-beans-3.2.xsd] in classpath: org/springframework/beans/factory/xml/spring-beans-3.2.xsd
21:48:24.679 [main]      DEBUG org.springframework.beans.factory.xml.PluggableSchemaResolver - Found XML schema [http://www.springframework.org/schema/context/spring-context-3.2.xsd] in classpath: org/springframework/context/config/spring-context-3.2.xsd
21:48:24.689 [main]      DEBUG org.springframework.beans.factory.xml.PluggableSchemaResolver - Found XML schema [http://www.springframework.org/schema/tool/spring-tool-3.2.xsd] in classpath: org/springframework/beans/factory/xml/spring-tool-3.2.xsd
21:48:24.727 [main]      DEBUG org.springframework.beans.factory.xml.PluggableSchemaResolver - Found XML schema [http://www.springframework.org/schema/tx/spring-tx.xsd] in classpath: org/springframework/transaction/config/spring-tx-4.1.xsd
21:48:24.740 [main]      DEBUG org.springframework.beans.factory.xml.DefaultBeanDefinitionDocumentReader - Loading bean definitions
21:48:24.753 [main]      DEBUG org.springframework.beans.factory.xml.DefaultNamespaceHandlerResolver - Loaded NamespaceHandler mappings: {http://www.springframework.org/schema/p=org.springframework.beans.factory.xml.SimplePropertyNamespaceHandler, http://www.springframework.org/schema/mvc=org.springframework.web.servlet.config.MvcNamespaceHandler, http://www.springframework.org/schema/util=org.springframework.beans.factory.xml.UtilNamespaceHandler, http://www.springframework.org/schema/jee=org.springframework.ejb.config.JeeNamespaceHandler, http://www.springframework.org/schema/aop=org.springframework.aop.config.AopNamespaceHandler, http://www.springframework.org/schema/jdbc=org.springframework.jdbc.config.JdbcNamespaceHandler, http://www.springframework.org/schema/cache=org.springframework.cache.config.CacheNamespaceHandler, http://www.springframework.org/schema/c=org.springframework.beans.factory.xml.SimpleConstructorNamespaceHandler, http://www.springframework.org/schema/security=org.springframework.security.config.SecurityNamespaceHandler, http://www.springframework.org/schema/tx=org.springframework.transaction.config.TxNamespaceHandler, http://www.springframework.org/schema/task=org.springframework.scheduling.config.TaskNamespaceHandler, http://www.springframework.org/schema/lang=org.springframework.scripting.config.LangNamespaceHandler, http://www.springframework.org/schema/context=org.springframework.context.config.ContextNamespaceHandler}
21:48:24.778 [main]      DEBUG org.springframework.core.env.StandardEnvironment - Adding [systemProperties] PropertySource with lowest search precedence
21:48:24.797 [main]      DEBUG org.springframework.core.env.StandardEnvironment - Adding [systemEnvironment] PropertySource with lowest search precedence
21:48:24.799 [main]      DEBUG org.springframework.core.env.StandardEnvironment - Initialized StandardEnvironment with PropertySources [systemProperties,systemEnvironment]
21:48:24.806 [main]      DEBUG org.springframework.context.annotation.ClassPathBeanDefinitionScanner - JSR-330 &apos;javax.inject.Named&apos; annotation found and supported for component scanning
21:48:24.818 [main]      DEBUG org.springframework.core.io.support.PathMatchingResourcePatternResolver - Looking for matching resources in directory tree [D:\Підготовка до Канади\Джава\Java EE\project\DAily backup\ElectronicRestaurant\target\test-classes\com\restaurant]
21:48:24.821 [main]      DEBUG org.springframework.core.io.support.PathMatchingResourcePatternResolver - Searching directory [D:\Підготовка до Канади\Джава\Java EE\project\DAily backup\ElectronicRestaurant\target\test-classes\com\restaurant] for files matching pattern [D:/Підготовка до Канади/Джава/Java EE/project/DAily backup/ElectronicRestaurant/target/test-classes/com/restaurant/**/*.class]
21:48:24.827 [main]      DEBUG org.springframework.core.io.support.PathMatchingResourcePatternResolver - Searching directory [D:\Підготовка до Канади\Джава\Java EE\project\DAily backup\ElectronicRestaurant\target\test-classes\com\restaurant\servicesTests] for files matching pattern [D:/Підготовка до Канади/Джава/Java EE/project/DAily backup/ElectronicRestaurant/target/test-classes/com/restaurant/**/*.class]
21:48:24.831 [main]      DEBUG org.springframework.core.io.support.PathMatchingResourcePatternResolver - Looking for matching resources in directory tree [D:\Підготовка до Канади\Джава\Java EE\project\DAily backup\ElectronicRestaurant\target\classes\com\restaurant]
21:48:24.832 [main]      DEBUG org.springframework.core.io.support.PathMatchingResourcePatternResolver - Searching directory [D:\Підготовка до Канади\Джава\Java EE\project\DAily backup\ElectronicRestaurant\target\classes\com\restaurant] for files matching pattern [D:/Підготовка до Канади/Джава/Java EE/project/DAily backup/ElectronicRestaurant/target/classes/com/restaurant/**/*.class]
21:48:24.833 [main]      DEBUG org.springframework.core.io.support.PathMatchingResourcePatternResolver - Searching directory [D:\Підготовка до Канади\Джава\Java EE\project\DAily backup\ElectronicRestaurant\target\classes\com\restaurant\DAO] for files matching pattern [D:/Підготовка до Канади/Джава/Java EE/project/DAily backup/ElectronicRestaurant/target/classes/com/restaurant/**/*.class]
21:48:24.839 [main]      DEBUG org.springframework.core.io.support.PathMatchingResourcePatternResolver - Searching directory [D:\Підготовка до Канади\Джава\Java EE\project\DAily backup\ElectronicRestaurant\target\classes\com\restaurant\entities] for files matching pattern [D:/Підготовка до Канади/Джава/Java EE/project/DAily backup/ElectronicRestaurant/target/classes/com/restaurant/**/*.class]
21:48:24.844 [main]      DEBUG org.springframework.core.io.support.PathMatchingResourcePatternResolver - Searching directory [D:\Підготовка до Канади\Джава\Java EE\project\DAily backup\ElectronicRestaurant\target\classes\com\restaurant\security] for files matching pattern [D:/Підготовка до Канади/Джава/Java EE/project/DAily backup/ElectronicRestaurant/target/classes/com/restaurant/**/*.class]
21:48:24.847 [main]      DEBUG org.springframework.core.io.support.PathMatchingResourcePatternResolver - Searching directory [D:\Підготовка до Канади\Джава\Java EE\project\DAily backup\ElectronicRestaurant\target\classes\com\restaurant\serviceBeans] for files matching pattern [D:/Підготовка до Канади/Джава/Java EE/project/DAily backup/ElectronicRestaurant/target/classes/com/restaurant/**/*.class]
21:48:24.849 [main]      DEBUG org.springframework.core.io.support.PathMatchingResourcePatternResolver - Searching directory [D:\Підготовка до Канади\Джава\Java EE\project\DAily backup\ElectronicRestaurant\target\classes\com\restaurant\services] for files matching pattern [D:/Підготовка до Канади/Джава/Java EE/project/DAily backup/ElectronicRestaurant/target/classes/com/restaurant/**/*.class]
21:48:24.852 [main]      DEBUG org.springframework.core.io.support.PathMatchingResourcePatternResolver - Searching directory [D:\Підготовка до Канади\Джава\Java EE\project\DAily backup\ElectronicRestaurant\target\classes\com\restaurant\serviceUtilities] for files matching pattern [D:/Підготовка до Канади/Джава/Java EE/project/DAily backup/ElectronicRestaurant/target/classes/com/restaurant/**/*.class]
21:48:24.859 [main]      DEBUG org.springframework.core.io.support.PathMatchingResourcePatternResolver - Resolved location pattern [classpath*:com/restaurant/**/*.class] to resources [file [D:\Підготовка до Канади\Джава\Java EE\project\DAily backup\ElectronicRestaurant\target\test-classes\com\restaurant\servicesTests\AdministratorServiceTest.class], file [D:\Підготовка до Канади\Джава\Java EE\project\DAily backup\ElectronicRestaurant\target\test-classes\com\restaurant\servicesTests\SuperUserServiceTest.class], file [D:\Підготовка до Канади\Джава\Java EE\project\DAily backup\ElectronicRestaurant\target\classes\com\restaurant\DAO\CategoryDAO.class], file [D:\Підготовка до Канади\Джава\Java EE\project\DAily backup\ElectronicRestaurant\target\classes\com\restaurant\DAO\CategoryDAOImpl.class], file [D:\Підготовка до Канади\Джава\Java EE\project\DAily backup\ElectronicRestaurant\target\classes\com\restaurant\DAO\DishDAO.class], file [D:\Підготовка до Канади\Джава\Java EE\project\DAily backup\ElectronicRestaurant\target\classes\com\restaurant\DAO\DishDAOImpl.class], file [D:\Підготовка до Канади\Джава\Java EE\project\DAily backup\ElectronicRestaurant\target\classes\com\restaurant\DAO\LoginDAO.class], file [D:\Підготовка до Канади\Джава\Java EE\project\DAily backup\ElectronicRestaurant\target\classes\com\restaurant\DAO\LoginDAOImpl.class], file [D:\Підготовка до Канади\Джава\Java EE\project\DAily backup\ElectronicRestaurant\target\classes\com\restaurant\DAO\OrderDAO.class], file [D:\Підготовка до Канади\Джава\Java EE\project\DAily backup\ElectronicRestaurant\target\classes\com\restaurant\DAO\OrderDAOImpl.class], file [D:\Підготовка до Канади\Джава\Java EE\project\DAily backup\ElectronicRestaurant\target\classes\com\restaurant\DAO\OrderItemsDAO.class], file [D:\Підготовка до Канади\Джава\Java EE\project\DAily backup\ElectronicRestaurant\target\classes\com\restaurant\DAO\OrderItemsDAOImpl.class], file [D:\Підготовка до Канади\Джава\Java EE\project\DAily backup\ElectronicRestaurant\target\classes\com\restaurant\DAO\ReportsDAO.class], file [D:\Підготовка до Канади\Джава\Java EE\project\DAily backup\ElectronicRestaurant\target\classes\com\restaurant\DAO\ReportsDAOImpl.class], file [D:\Підготовка до Канади\Джава\Java EE\project\DAily backup\ElectronicRestaurant\target\classes\com\restaurant\DAO\UserDAO.class], file [D:\Підготовка до Канади\Джава\Java EE\project\DAily backup\ElectronicRestaurant\target\classes\com\restaurant\DAO\UserDAOImpl.class], file [D:\Підготовка до Канади\Джава\Java EE\project\DAily backup\ElectronicRestaurant\target\classes\com\restaurant\entities\Category.class], file [D:\Підготовка до Канади\Джава\Java EE\project\DAily backup\ElectronicRestaurant\target\classes\com\restaurant\entities\Dish.class], file [D:\Підготовка до Канади\Джава\Java EE\project\DAily backup\ElectronicRestaurant\target\classes\com\restaurant\entities\Main.class], file [D:\Підготовка до Канади\Джава\Java EE\project\DAily backup\ElectronicRestaurant\target\classes\com\restaurant\entities\Order$1.class], file [D:\Підготовка до Канади\Джава\Java EE\project\DAily backup\ElectronicRestaurant\target\classes\com\restaurant\entities\Order$OrderStatusConverter.class], file [D:\Підготовка до Канади\Джава\Java EE\project\DAily backup\ElectronicRestaurant\target\classes\com\restaurant\entities\Order$StatusOfDelivery.class], file [D:\Підготовка до Канади\Джава\Java EE\project\DAily backup\ElectronicRestaurant\target\classes\com\restaurant\entities\Order.class], file [D:\Підготовка до Канади\Джава\Java EE\project\DAily backup\ElectronicRestaurant\target\classes\com\restaurant\entities\OrderItems.class], file [D:\Підготовка до Канади\Джава\Java EE\project\DAily backup\ElectronicRestaurant\target\classes\com\restaurant\entities\Report.class], file [D:\Підготовка до Канади\Джава\Java EE\project\DAily backup\ElectronicRestaurant\target\classes\com\restaurant\entities\User$1.class], file [D:\Підготовка до Канади\Джава\Java EE\project\DAily backup\ElectronicRestaurant\target\classes\com\restaurant\entities\User$TypeOfUser.class], file [D:\Підготовка до Канади\Джава\Java EE\project\DAily backup\ElectronicRestaurant\target\classes\com\restaurant\entities\User$UserTypeConverter.class], file [D:\Підготовка до Канади\Джава\Java EE\project\DAily backup\ElectronicRestaurant\target\classes\com\restaurant\entities\User.class], file [D:\Підготовка до Канади\Джава\Java EE\project\DAily backup\ElectronicRestaurant\target\classes\com\restaurant\security\AdminController.class], file [D:\Підготовка до Канади\Джава\Java EE\project\DAily backup\ElectronicRestaurant\target\classes\com\restaurant\security\PasswordHash.class], file [D:\Підготовка до Канади\Джава\Java EE\project\DAily backup\ElectronicRestaurant\target\classes\com\restaurant\serviceBeans\CartBean.class], file [D:\Підготовка до Канади\Джава\Java EE\project\DAily backup\ElectronicRestaurant\target\classes\com\restaurant\serviceBeans\CategoryBean.class], file [D:\Підготовка до Канади\Джава\Java EE\project\DAily backup\ElectronicRestaurant\target\classes\com\restaurant\serviceBeans\DishBean.class], file [D:\Підготовка до Канади\Джава\Java EE\project\DAily backup\ElectronicRestaurant\target\classes\com\restaurant\serviceBeans\EnumBean.class], file [D:\Підготовка до Канади\Джава\Java EE\project\DAily backup\ElectronicRestaurant\target\classes\com\restaurant\serviceBeans\NewCategoryBean.class], file [D:\Підготовка до Канади\Джава\Java EE\project\DAily backup\ElectronicRestaurant\target\classes\com\restaurant\serviceBeans\NewDishBean.class], file [D:\Підготовка до Канади\Джава\Java EE\project\DAily backup\ElectronicRestaurant\target\classes\com\restaurant\serviceBeans\NewUserBean.class], file [D:\Підготовка до Канади\Джава\Java EE\project\DAily backup\ElectronicRestaurant\target\classes\com\restaurant\serviceBeans\OrderBean.class], file [D:\Підготовка до Канади\Джава\Java EE\project\DAily backup\ElectronicRestaurant\target\classes\com\restaurant\serviceBeans\ReportBean.class], file [D:\Підготовка до Канади\Джава\Java EE\project\DAily backup\ElectronicRestaurant\target\classes\com\restaurant\serviceBeans\UserBean.class], file [D:\Підготовка до Канади\Джава\Java EE\project\DAily backup\ElectronicRestaurant\target\classes\com\restaurant\services\AdministratorService.class], file [D:\Підготовка до Канади\Джава\Java EE\project\DAily backup\ElectronicRestaurant\target\classes\com\restaurant\services\AdministratorServiceImpl.class], file [D:\Підготовка до Канади\Джава\Java EE\project\DAily backup\ElectronicRestaurant\target\classes\com\restaurant\services\AnalystService.class], file [D:\Підготовка до Канади\Джава\Java EE\project\DAily backup\ElectronicRestaurant\target\classes\com\restaurant\services\AnalystServiceImpl.class], file [D:\Підготовка до Канади\Джава\Java EE\project\DAily backup\ElectronicRestaurant\target\classes\com\restaurant\services\CustomerService.class], file [D:\Підготовка до Канади\Джава\Java EE\project\DAily backup\ElectronicRestaurant\target\classes\com\restaurant\services\CustomerServiceImpl.class], file [D:\Підготовка до Канади\Джава\Java EE\project\DAily backup\ElectronicRestaurant\target\classes\com\restaurant\services\DeliveryStaffService.class], file [D:\Підготовка до Канади\Джава\Java EE\project\DAily backup\ElectronicRestaurant\target\classes\com\restaurant\services\DeliveryStaffServiceImpl.class], file [D:\Підготовка до Канади\Джава\Java EE\project\DAily backup\ElectronicRestaurant\target\classes\com\restaurant\services\KitchenStaffService.class], file [D:\Підготовка до Канади\Джава\Java EE\project\DAily backup\ElectronicRestaurant\target\classes\com\restaurant\services\KitchenStaffServiceImpl.class], file [D:\Підготовка до Канади\Джава\Java EE\project\DAily backup\ElectronicRestaurant\target\classes\com\restaurant\services\LoginService.class], file [D:\Підготовка до Канади\Джава\Java EE\project\DAily backup\ElectronicRestaurant\target\classes\com\restaurant\services\LoginServiceImpl.class], file [D:\Підготовка до Канади\Джава\Java EE\project\DAily backup\ElectronicRestaurant\target\classes\com\restaurant\services\SuperUserService.class], file [D:\Підготовка до Канади\Джава\Java EE\project\DAily backup\ElectronicRestaurant\target\classes\com\restaurant\services\SuperUserServiceImpl.class], file [D:\Підготовка до Канади\Джава\Java EE\project\DAily backup\ElectronicRestaurant\target\classes\com\restaurant\serviceUtilities\AuthorizationFilter.class]]
21:48:24.908 [main]      DEBUG org.springframework.context.annotation.ClassPathBeanDefinitionScanner - Identified candidate component class: file [D:\Підготовка до Канади\Джава\Java EE\project\DAily backup\ElectronicRestaurant\target\classes\com\restaurant\DAO\CategoryDAOImpl.class]
21:48:24.927 [main]      DEBUG org.springframework.context.annotation.ClassPathBeanDefinitionScanner - Identified candidate component class: file [D:\Підготовка до Канади\Джава\Java EE\project\DAily backup\ElectronicRestaurant\target\classes\com\restaurant\DAO\DishDAOImpl.class]
21:48:24.934 [main]      DEBUG org.springframework.context.annotation.ClassPathBeanDefinitionScanner - Identified candidate component class: file [D:\Підготовка до Канади\Джава\Java EE\project\DAily backup\ElectronicRestaurant\target\classes\com\restaurant\DAO\LoginDAOImpl.class]
21:48:24.936 [main]      DEBUG org.springframework.context.annotation.ClassPathBeanDefinitionScanner - Identified candidate component class: file [D:\Підготовка до Канади\Джава\Java EE\project\DAily backup\ElectronicRestaurant\target\classes\com\restaurant\DAO\OrderDAOImpl.class]
21:48:24.942 [main]      DEBUG org.springframework.context.annotation.ClassPathBeanDefinitionScanner - Identified candidate component class: file [D:\Підготовка до Канади\Джава\Java EE\project\DAily backup\ElectronicRestaurant\target\classes\com\restaurant\DAO\OrderItemsDAOImpl.class]
21:48:24.944 [main]      DEBUG org.springframework.context.annotation.ClassPathBeanDefinitionScanner - Identified candidate component class: file [D:\Підготовка до Канади\Джава\Java EE\project\DAily backup\ElectronicRestaurant\target\classes\com\restaurant\DAO\ReportsDAOImpl.class]
21:48:24.946 [main]      DEBUG org.springframework.context.annotation.ClassPathBeanDefinitionScanner - Identified candidate component class: file [D:\Підготовка до Канади\Джава\Java EE\project\DAily backup\ElectronicRestaurant\target\classes\com\restaurant\DAO\UserDAOImpl.class]
21:48:24.999 [main]      DEBUG org.springframework.context.annotation.ClassPathBeanDefinitionScanner - Identified candidate component class: file [D:\Підготовка до Канади\Джава\Java EE\project\DAily backup\ElectronicRestaurant\target\classes\com\restaurant\security\AdminController.class]
21:48:25.003 [main]      DEBUG org.springframework.context.annotation.ClassPathBeanDefinitionScanner - Identified candidate component class: file [D:\Підготовка до Канади\Джава\Java EE\project\DAily backup\ElectronicRestaurant\target\classes\com\restaurant\serviceBeans\CartBean.class]
21:48:25.007 [main]      DEBUG org.springframework.context.annotation.ClassPathBeanDefinitionScanner - Identified candidate component class: file [D:\Підготовка до Канади\Джава\Java EE\project\DAily backup\ElectronicRestaurant\target\classes\com\restaurant\serviceBeans\CategoryBean.class]
21:48:25.008 [main]      DEBUG org.springframework.context.annotation.ClassPathBeanDefinitionScanner - Identified candidate component class: file [D:\Підготовка до Канади\Джава\Java EE\project\DAily backup\ElectronicRestaurant\target\classes\com\restaurant\serviceBeans\DishBean.class]
21:48:25.020 [main]      DEBUG org.springframework.context.annotation.ClassPathBeanDefinitionScanner - Identified candidate component class: file [D:\Підготовка до Канади\Джава\Java EE\project\DAily backup\ElectronicRestaurant\target\classes\com\restaurant\serviceBeans\EnumBean.class]
21:48:25.029 [main]      DEBUG org.springframework.context.annotation.ClassPathBeanDefinitionScanner - Identified candidate component class: file [D:\Підготовка до Канади\Джава\Java EE\project\DAily backup\ElectronicRestaurant\target\classes\com\restaurant\serviceBeans\NewCategoryBean.class]
21:48:25.035 [main]      DEBUG org.springframework.context.annotation.ClassPathBeanDefinitionScanner - Identified candidate component class: file [D:\Підготовка до Канади\Джава\Java EE\project\DAily backup\ElectronicRestaurant\target\classes\com\restaurant\serviceBeans\NewDishBean.class]
21:48:25.037 [main]      DEBUG org.springframework.context.annotation.ClassPathBeanDefinitionScanner - Identified candidate component class: file [D:\Підготовка до Канади\Джава\Java EE\project\DAily backup\ElectronicRestaurant\target\classes\com\restaurant\serviceBeans\NewUserBean.class]
21:48:25.043 [main]      DEBUG org.springframework.context.annotation.ClassPathBeanDefinitionScanner - Identified candidate component class: file [D:\Підготовка до Канади\Джава\Java EE\project\DAily backup\ElectronicRestaurant\target\classes\com\restaurant\serviceBeans\OrderBean.class]
21:48:25.046 [main]      DEBUG org.springframework.context.annotation.ClassPathBeanDefinitionScanner - Identified candidate component class: file [D:\Підготовка до Канади\Джава\Java EE\project\DAily backup\ElectronicRestaurant\target\classes\com\restaurant\serviceBeans\ReportBean.class]
21:48:25.049 [main]      DEBUG org.springframework.context.annotation.ClassPathBeanDefinitionScanner - Identified candidate component class: file [D:\Підготовка до Канади\Джава\Java EE\project\DAily backup\ElectronicRestaurant\target\classes\com\restaurant\serviceBeans\UserBean.class]
21:48:25.065 [main]      DEBUG org.springframework.context.annotation.ClassPathBeanDefinitionScanner - Identified candidate component class: file [D:\Підготовка до Канади\Джава\Java EE\project\DAily backup\ElectronicRestaurant\target\classes\com\restaurant\services\AdministratorServiceImpl.class]
21:48:25.066 [main]      DEBUG org.springframework.context.annotation.ClassPathBeanDefinitionScanner - Identified candidate component class: file [D:\Підготовка до Канади\Джава\Java EE\project\DAily backup\ElectronicRestaurant\target\classes\com\restaurant\services\AnalystServiceImpl.class]
21:48:25.068 [main]      DEBUG org.springframework.context.annotation.ClassPathBeanDefinitionScanner - Identified candidate component class: file [D:\Підготовка до Канади\Джава\Java EE\project\DAily backup\ElectronicRestaurant\target\classes\com\restaurant\services\CustomerServiceImpl.class]
21:48:25.069 [main]      DEBUG org.springframework.context.annotation.ClassPathBeanDefinitionScanner - Identified candidate component class: file [D:\Підготовка до Канади\Джава\Java EE\project\DAily backup\ElectronicRestaurant\target\classes\com\restaurant\services\DeliveryStaffServiceImpl.class]
21:48:25.072 [main]      DEBUG org.springframework.context.annotation.ClassPathBeanDefinitionScanner - Identified candidate component class: file [D:\Підготовка до Канади\Джава\Java EE\project\DAily backup\ElectronicRestaurant\target\classes\com\restaurant\services\KitchenStaffServiceImpl.class]
21:48:25.074 [main]      DEBUG org.springframework.context.annotation.ClassPathBeanDefinitionScanner - Identified candidate component class: file [D:\Підготовка до Канади\Джава\Java EE\project\DAily backup\ElectronicRestaurant\target\classes\com\restaurant\services\LoginServiceImpl.class]
21:48:25.075 [main]      DEBUG org.springframework.context.annotation.ClassPathBeanDefinitionScanner - Identified candidate component class: file [D:\Підготовка до Канади\Джава\Java EE\project\DAily backup\ElectronicRestaurant\target\classes\com\restaurant\services\SuperUserServiceImpl.class]
21:48:25.172 [main]      DEBUG org.springframework.beans.factory.xml.BeanDefinitionParserDelegate - Neither XML &apos;id&apos; nor &apos;name&apos; specified - using generated bean name [org.springframework.orm.jpa.vendor.EclipseLinkJpaDialect#6c1a5b54]
21:48:25.176 [main]      DEBUG org.springframework.beans.factory.xml.BeanDefinitionParserDelegate - Neither XML &apos;id&apos; nor &apos;name&apos; specified - using generated bean name [org.springframework.orm.jpa.vendor.EclipseLinkJpaVendorAdapter#1c7696c6]
21:48:25.191 [main]      DEBUG org.springframework.beans.factory.xml.BeanDefinitionParserDelegate - Neither XML &apos;id&apos; nor &apos;name&apos; specified - using generated bean name [org.springframework.orm.jpa.support.PersistenceAnnotationBeanPostProcessor#0]
21:48:25.208 [main]      DEBUG org.springframework.beans.factory.xml.XmlBeanDefinitionReader - Loaded 38 bean definitions from location pattern [beans.xml]
21:48:25.209 [main]      DEBUG org.springframework.context.support.ClassPathXmlApplicationContext - Bean factory for org.springframework.context.support.ClassPathXmlApplicationContext@4f18837a: org.springframework.beans.factory.support.DefaultListableBeanFactory@2af004b: defining beans [categoryDAOImpl,dishDAOImpl,loginDAOImpl,orderDAOImpl,orderItemsDAOImpl,reportsDAOImpl,userDAOImpl,adminController,cartBean,categoryBean,dishBean,enumBean,newCategoryBean,newDishBean,newUserBean,orderBean,reportBean,userBean,administratorServiceImpl,analystServiceImpl,customerServiceImpl,deliveryStaffServiceImpl,kitchenStaffServiceImpl,loginServiceImpl,superUserServiceImpl,org.springframework.context.annotation.internalConfigurationAnnotationProcessor,org.springframework.context.annotation.internalAutowiredAnnotationProcessor,org.springframework.context.annotation.internalRequiredAnnotationProcessor,org.springframework.context.annotation.internalCommonAnnotationProcessor,org.springframework.context.annotation.internalPersistenceAnnotationProcessor,entityManagerFactory,transactionManager,org.springframework.orm.jpa.support.PersistenceAnnotationBeanPostProcessor#0,dataSource,org.springframework.aop.config.internalAutoProxyCreator,org.springframework.transaction.annotation.AnnotationTransactionAttributeSource#0,org.springframework.transaction.interceptor.TransactionInterceptor#0,org.springframework.transaction.config.internalTransactionAdvisor]; root of factory hierarchy
21:48:25.266 [main]      DEBUG org.springframework.beans.factory.support.DefaultListableBeanFactory - Creating shared instance of singleton bean &apos;org.springframework.context.annotation.internalConfigurationAnnotationProcessor&apos;
21:48:25.267 [main]      DEBUG org.springframework.beans.factory.support.DefaultListableBeanFactory - Creating instance of bean &apos;org.springframework.context.annotation.internalConfigurationAnnotationProcessor&apos;
21:48:25.287 [main]      DEBUG org.springframework.beans.factory.support.DefaultListableBeanFactory - Eagerly caching bean &apos;org.springframework.context.annotation.internalConfigurationAnnotationProcessor&apos; to allow for resolving potential circular references
21:48:25.290 [main]      DEBUG org.springframework.beans.factory.support.DefaultListableBeanFactory - Finished creating instance of bean &apos;org.springframework.context.annotation.internalConfigurationAnnotationProcessor&apos;
21:48:25.451 [main]      DEBUG org.springframework.beans.factory.support.DefaultListableBeanFactory - Creating shared instance of singleton bean &apos;org.springframework.context.annotation.internalAutowiredAnnotationProcessor&apos;
21:48:25.452 [main]      DEBUG org.springframework.beans.factory.support.DefaultListableBeanFactory - Creating instance of bean &apos;org.springframework.context.annotation.internalAutowiredAnnotationProcessor&apos;
21:48:25.453 [main]      INFO  org.springframework.beans.factory.annotation.AutowiredAnnotationBeanPostProcessor - JSR-330 &apos;javax.inject.Inject&apos; annotation found and supported for autowiring
21:48:25.454 [main]      DEBUG org.springframework.beans.factory.support.DefaultListableBeanFactory - Eagerly caching bean &apos;org.springframework.context.annotation.internalAutowiredAnnotationProcessor&apos; to allow for resolving potential circular references
21:48:25.455 [main]      DEBUG org.springframework.beans.factory.support.DefaultListableBeanFactory - Finished creating instance of bean &apos;org.springframework.context.annotation.internalAutowiredAnnotationProcessor&apos;
21:48:25.455 [main]      DEBUG org.springframework.beans.factory.support.DefaultListableBeanFactory - Creating shared instance of singleton bean &apos;org.springframework.context.annotation.internalRequiredAnnotationProcessor&apos;
21:48:25.456 [main]      DEBUG org.springframework.beans.factory.support.DefaultListableBeanFactory - Creating instance of bean &apos;org.springframework.context.annotation.internalRequiredAnnotationProcessor&apos;
21:48:25.457 [main]      DEBUG org.springframework.beans.factory.support.DefaultListableBeanFactory - Eagerly caching bean &apos;org.springframework.context.annotation.internalRequiredAnnotationProcessor&apos; to allow for resolving potential circular references
21:48:25.457 [main]      DEBUG org.springframework.beans.factory.support.DefaultListableBeanFactory - Finished creating instance of bean &apos;org.springframework.context.annotation.internalRequiredAnnotationProcessor&apos;
21:48:25.458 [main]      DEBUG org.springframework.beans.factory.support.DefaultListableBeanFactory - Creating shared instance of singleton bean &apos;org.springframework.context.annotation.internalCommonAnnotationProcessor&apos;
21:48:25.458 [main]      DEBUG org.springframework.beans.factory.support.DefaultListableBeanFactory - Creating instance of bean &apos;org.springframework.context.annotation.internalCommonAnnotationProcessor&apos;
21:48:25.467 [main]      DEBUG org.springframework.beans.factory.support.DefaultListableBeanFactory - Eagerly caching bean &apos;org.springframework.context.annotation.internalCommonAnnotationProcessor&apos; to allow for resolving potential circular references
21:48:25.468 [main]      DEBUG org.springframework.beans.factory.support.DefaultListableBeanFactory - Finished creating instance of bean &apos;org.springframework.context.annotation.internalCommonAnnotationProcessor&apos;
21:48:25.469 [main]      DEBUG org.springframework.beans.factory.support.DefaultListableBeanFactory - Creating shared instance of singleton bean &apos;org.springframework.context.annotation.internalPersistenceAnnotationProcessor&apos;
21:48:25.470 [main]      DEBUG org.springframework.beans.factory.support.DefaultListableBeanFactory - Creating instance of bean &apos;org.springframework.context.annotation.internalPersistenceAnnotationProcessor&apos;
21:48:25.472 [main]      DEBUG org.springframework.beans.factory.support.DefaultListableBeanFactory - Eagerly caching bean &apos;org.springframework.context.annotation.internalPersistenceAnnotationProcessor&apos; to allow for resolving potential circular references
21:48:25.474 [main]      DEBUG org.springframework.beans.factory.support.DefaultListableBeanFactory - Finished creating instance of bean &apos;org.springframework.context.annotation.internalPersistenceAnnotationProcessor&apos;
21:48:25.475 [main]      DEBUG org.springframework.beans.factory.support.DefaultListableBeanFactory - Creating shared instance of singleton bean &apos;org.springframework.orm.jpa.support.PersistenceAnnotationBeanPostProcessor#0&apos;
21:48:25.476 [main]      DEBUG org.springframework.beans.factory.support.DefaultListableBeanFactory - Creating instance of bean &apos;org.springframework.orm.jpa.support.PersistenceAnnotationBeanPostProcessor#0&apos;
21:48:25.481 [main]      DEBUG org.springframework.beans.factory.support.DefaultListableBeanFactory - Eagerly caching bean &apos;org.springframework.orm.jpa.support.PersistenceAnnotationBeanPostProcessor#0&apos; to allow for resolving potential circular references
21:48:25.482 [main]      DEBUG org.springframework.beans.factory.support.DefaultListableBeanFactory - Finished creating instance of bean &apos;org.springframework.orm.jpa.support.PersistenceAnnotationBeanPostProcessor#0&apos;
21:48:25.484 [main]      DEBUG org.springframework.beans.factory.support.DefaultListableBeanFactory - Creating shared instance of singleton bean &apos;org.springframework.context.annotation.ConfigurationClassPostProcessor.importAwareProcessor&apos;
21:48:25.486 [main]      DEBUG org.springframework.beans.factory.support.DefaultListableBeanFactory - Creating instance of bean &apos;org.springframework.context.annotation.ConfigurationClassPostProcessor.importAwareProcessor&apos;
21:48:25.486 [main]      DEBUG org.springframework.beans.factory.support.DefaultListableBeanFactory - Eagerly caching bean &apos;org.springframework.context.annotation.ConfigurationClassPostProcessor.importAwareProcessor&apos; to allow for resolving potential circular references
21:48:25.487 [main]      DEBUG org.springframework.beans.factory.support.DefaultListableBeanFactory - Finished creating instance of bean &apos;org.springframework.context.annotation.ConfigurationClassPostProcessor.importAwareProcessor&apos;
21:48:25.488 [main]      DEBUG org.springframework.beans.factory.support.DefaultListableBeanFactory - Creating shared instance of singleton bean &apos;org.springframework.context.annotation.ConfigurationClassPostProcessor.enhancedConfigurationProcessor&apos;
21:48:25.489 [main]      DEBUG org.springframework.beans.factory.support.DefaultListableBeanFactory - Creating instance of bean &apos;org.springframework.context.annotation.ConfigurationClassPostProcessor.enhancedConfigurationProcessor&apos;
21:48:25.489 [main]      DEBUG org.springframework.beans.factory.support.DefaultListableBeanFactory - Eagerly caching bean &apos;org.springframework.context.annotation.ConfigurationClassPostProcessor.enhancedConfigurationProcessor&apos; to allow for resolving potential circular references
21:48:25.490 [main]      DEBUG org.springframework.beans.factory.support.DefaultListableBeanFactory - Finished creating instance of bean &apos;org.springframework.context.annotation.ConfigurationClassPostProcessor.enhancedConfigurationProcessor&apos;
21:48:25.505 [main]      DEBUG org.springframework.beans.factory.support.DefaultListableBeanFactory - Creating shared instance of singleton bean &apos;org.springframework.aop.config.internalAutoProxyCreator&apos;
21:48:25.506 [main]      DEBUG org.springframework.beans.factory.support.DefaultListableBeanFactory - Creating instance of bean &apos;org.springframework.aop.config.internalAutoProxyCreator&apos;
21:48:25.529 [main]      DEBUG org.springframework.beans.factory.support.DefaultListableBeanFactory - Eagerly caching bean &apos;org.springframework.aop.config.internalAutoProxyCreator&apos; to allow for resolving potential circular references
21:48:25.590 [main]      DEBUG org.springframework.beans.factory.support.DefaultListableBeanFactory - Finished creating instance of bean &apos;org.springframework.aop.config.internalAutoProxyCreator&apos;
21:48:25.594 [main]      DEBUG org.springframework.context.support.ClassPathXmlApplicationContext - Unable to locate MessageSource with name &apos;messageSource&apos;: using default [org.springframework.context.support.DelegatingMessageSource@64ec96c6]
21:48:25.598 [main]      DEBUG org.springframework.context.support.ClassPathXmlApplicationContext - Unable to locate ApplicationEventMulticaster with name &apos;applicationEventMulticaster&apos;: using default [org.springframework.context.event.SimpleApplicationEventMulticaster@15f47664]
21:48:25.618 [main]      DEBUG org.springframework.beans.factory.support.DefaultListableBeanFactory - Creating shared instance of singleton bean &apos;entityManagerFactory&apos;
21:48:25.619 [main]      DEBUG org.springframework.beans.factory.support.DefaultListableBeanFactory - Creating instance of bean &apos;entityManagerFactory&apos;
21:48:25.638 [main]      DEBUG org.springframework.beans.factory.support.DefaultListableBeanFactory - Eagerly caching bean &apos;entityManagerFactory&apos; to allow for resolving potential circular references
21:48:25.691 [main]      DEBUG org.springframework.beans.factory.support.DefaultListableBeanFactory - Creating shared instance of singleton bean &apos;dataSource&apos;
21:48:25.692 [main]      DEBUG org.springframework.beans.factory.support.DefaultListableBeanFactory - Creating instance of bean &apos;dataSource&apos;
21:48:25.697 [main]      DEBUG org.springframework.beans.factory.support.DefaultListableBeanFactory - Eagerly caching bean &apos;dataSource&apos; to allow for resolving potential circular references
21:48:26.036 [main]      INFO  org.springframework.jdbc.datasource.DriverManagerDataSource - Loaded JDBC driver: org.apache.derby.jdbc.EmbeddedDriver
[...]
21:48:27.883 [main]      DEBUG org.springframework.beans.factory.support.DefaultListableBeanFactory - Returning cached instance of singleton bean &apos;loginDAOImpl&apos;
21:48:27.883 [main]      DEBUG org.springframework.beans.factory.annotation.AutowiredAnnotationBeanPostProcessor - Autowiring by type from bean name &apos;superUserServiceImpl&apos; to bean named &apos;loginDAOImpl&apos;
21:48:27.883 [main]      DEBUG org.springframework.beans.factory.annotation.InjectionMetadata - Processing injected method of bean &apos;superUserServiceImpl&apos;: AutowiredFieldElement for private com.restaurant.DAO.UserDAO com.restaurant.services.SuperUserServiceImpl.userDAO
21:48:27.884 [main]      DEBUG org.springframework.beans.factory.support.DefaultListableBeanFactory - Returning cached instance of singleton bean &apos;userDAOImpl&apos;
21:48:27.884 [main]      DEBUG org.springframework.beans.factory.annotation.AutowiredAnnotationBeanPostProcessor - Autowiring by type from bean name &apos;superUserServiceImpl&apos; to bean named &apos;userDAOImpl&apos;
21:48:27.885 [main]      DEBUG org.springframework.beans.factory.support.DefaultListableBeanFactory - Returning cached instance of singleton bean &apos;org.springframework.transaction.config.internalTransactionAdvisor&apos;
21:48:27.886 [main]      DEBUG org.springframework.transaction.annotation.AnnotationTransactionAttributeSource - Adding transactional method &apos;SuperUserServiceImpl.saveUser&apos; with attribute: PROPAGATION_REQUIRED,ISOLATION_DEFAULT; &apos;&apos;
21:48:27.887 [main]      DEBUG org.springframework.aop.framework.autoproxy.InfrastructureAdvisorAutoProxyCreator - Creating implicit proxy for bean &apos;superUserServiceImpl&apos; with 0 common interceptors and 1 specific interceptors
21:48:27.887 [main]      DEBUG org.springframework.aop.framework.CglibAopProxy - Creating CGLIB proxy: target source is SingletonTargetSource for target object [com.restaurant.services.SuperUserServiceImpl@473b3b7a]
21:48:27.888 [main]      DEBUG org.springframework.aop.framework.CglibAopProxy - Unable to apply any optimisations to advised method: public com.restaurant.entities.User com.restaurant.services.SuperUserServiceImpl.login(java.lang.String,java.lang.String)
21:48:27.889 [main]      DEBUG org.springframework.aop.framework.CglibAopProxy - Unable to apply any optimisations to advised method: public java.util.List com.restaurant.services.SuperUserServiceImpl.findAll()
21:48:27.889 [main]      DEBUG org.springframework.aop.framework.CglibAopProxy - Unable to apply any optimisations to advised method: public com.restaurant.entities.User com.restaurant.services.SuperUserServiceImpl.findUser(int)
21:48:27.889 [main]      DEBUG org.springframework.aop.framework.CglibAopProxy - Unable to apply any optimisations to advised method: public void com.restaurant.services.SuperUserServiceImpl.saveUser(com.restaurant.entities.User)
21:48:27.890 [main]      DEBUG org.springframework.aop.framework.CglibAopProxy - Found finalize() method - using NO_OVERRIDE
21:48:27.890 [main]      DEBUG org.springframework.aop.framework.CglibAopProxy - Found &apos;equals&apos; method: public boolean java.lang.Object.equals(java.lang.Object)
21:48:27.890 [main]      DEBUG org.springframework.aop.framework.CglibAopProxy - Unable to apply any optimisations to advised method: public java.lang.String java.lang.Object.toString()
21:48:27.891 [main]      DEBUG org.springframework.aop.framework.CglibAopProxy - Found &apos;hashCode&apos; method: public native int java.lang.Object.hashCode()
21:48:27.891 [main]      DEBUG org.springframework.aop.framework.CglibAopProxy - Unable to apply any optimisations to advised method: protected native java.lang.Object java.lang.Object.clone() throws java.lang.CloneNotSupportedException
21:48:27.891 [main]      DEBUG org.springframework.aop.framework.CglibAopProxy - Method is declared on Advised interface: public abstract int org.springframework.aop.framework.Advised.indexOf(org.aopalliance.aop.Advice)
21:48:27.891 [main]      DEBUG org.springframework.aop.framework.CglibAopProxy - Method is declared on Advised interface: public abstract int org.springframework.aop.framework.Advised.indexOf(org.springframework.aop.Advisor)
21:48:27.892 [main]      DEBUG org.springframework.aop.framework.CglibAopProxy - Method is declared on Advised interface: public abstract boolean org.springframework.aop.framework.Advised.isFrozen()
21:48:27.892 [main]      DEBUG org.springframework.aop.framework.CglibAopProxy - Method is declared on Advised interface: public abstract boolean org.springframework.aop.framework.Advised.isProxyTargetClass()
21:48:27.892 [main]      DEBUG org.springframework.aop.framework.CglibAopProxy - Method is declared on Advised interface: public abstract void org.springframework.aop.framework.Advised.setTargetSource(org.springframework.aop.TargetSource)
21:48:27.893 [main]      DEBUG org.springframework.aop.framework.CglibAopProxy - Method is declared on Advised interface: public abstract org.springframework.aop.TargetSource org.springframework.aop.framework.Advised.getTargetSource()
21:48:27.893 [main]      DEBUG org.springframework.aop.framework.CglibAopProxy - Method is declared on Advised interface: public abstract void org.springframework.aop.framework.Advised.addAdvisor(int,org.springframework.aop.Advisor) throws org.springframework.aop.framework.AopConfigException
21:48:27.893 [main]      DEBUG org.springframework.aop.framework.CglibAopProxy - Method is declared on Advised interface: public abstract void org.springframework.aop.framework.Advised.addAdvisor(org.springframework.aop.Advisor) throws org.springframework.aop.framework.AopConfigException
21:48:27.893 [main]      DEBUG org.springframework.aop.framework.CglibAopProxy - Method is declared on Advised interface: public abstract void org.springframework.aop.framework.Advised.setPreFiltered(boolean)
21:48:27.893 [main]      DEBUG org.springframework.aop.framework.CglibAopProxy - Method is declared on Advised interface: public abstract void org.springframework.aop.framework.Advised.setExposeProxy(boolean)
21:48:27.894 [main]      DEBUG org.springframework.aop.framework.CglibAopProxy - Method is declared on Advised interface: public abstract boolean org.springframework.aop.framework.Advised.isExposeProxy()
21:48:27.894 [main]      DEBUG org.springframework.aop.framework.CglibAopProxy - Method is declared on Advised interface: public abstract java.lang.Class[] org.springframework.aop.framework.Advised.getProxiedInterfaces()
21:48:27.894 [main]      DEBUG org.springframework.aop.framework.CglibAopProxy - Method is declared on Advised interface: public abstract boolean org.springframework.aop.framework.Advised.isInterfaceProxied(java.lang.Class)
21:48:27.894 [main]      DEBUG org.springframework.aop.framework.CglibAopProxy - Method is declared on Advised interface: public abstract java.lang.String org.springframework.aop.framework.Advised.toProxyConfigString()
21:48:27.922 [main]      DEBUG org.springframework.aop.framework.CglibAopProxy - Method is declared on Advised interface: public abstract void org.springframework.aop.framework.Advised.addAdvice(int,org.aopalliance.aop.Advice) throws org.springframework.aop.framework.AopConfigException
21:48:27.923 [main]      DEBUG org.springframework.aop.framework.CglibAopProxy - Method is declared on Advised interface: public abstract void org.springframework.aop.framework.Advised.addAdvice(org.aopalliance.aop.Advice) throws org.springframework.aop.framework.AopConfigException
21:48:27.923 [main]      DEBUG org.springframework.aop.framework.CglibAopProxy - Method is declared on Advised interface: public abstract boolean org.springframework.aop.framework.Advised.isPreFiltered()
21:48:27.923 [main]      DEBUG org.springframework.aop.framework.CglibAopProxy - Method is declared on Advised interface: public abstract org.springframework.aop.Advisor[] org.springframework.aop.framework.Advised.getAdvisors()
21:48:27.923 [main]      DEBUG org.springframework.aop.framework.CglibAopProxy - Method is declared on Advised interface: public abstract boolean org.springframework.aop.framework.Advised.removeAdvisor(org.springframework.aop.Advisor)
21:48:27.924 [main]      DEBUG org.springframework.aop.framework.CglibAopProxy - Method is declared on Advised interface: public abstract void org.springframework.aop.framework.Advised.removeAdvisor(int) throws org.springframework.aop.framework.AopConfigException
21:48:27.924 [main]      DEBUG org.springframework.aop.framework.CglibAopProxy - Method is declared on Advised interface: public abstract boolean org.springframework.aop.framework.Advised.replaceAdvisor(org.springframework.aop.Advisor,org.springframework.aop.Advisor) throws org.springframework.aop.framework.AopConfigException
21:48:27.924 [main]      DEBUG org.springframework.aop.framework.CglibAopProxy - Method is declared on Advised interface: public abstract boolean org.springframework.aop.framework.Advised.removeAdvice(org.aopalliance.aop.Advice)
21:48:27.924 [main]      DEBUG org.springframework.aop.framework.CglibAopProxy - Method is declared on Advised interface: public abstract java.lang.Class org.springframework.aop.TargetClassAware.getTargetClass()
21:48:27.931 [main]      DEBUG org.springframework.beans.factory.support.DefaultListableBeanFactory - Finished creating instance of bean &apos;superUserServiceImpl&apos;
21:48:27.932 [main]      DEBUG org.springframework.beans.factory.support.DefaultListableBeanFactory - Returning cached instance of singleton bean &apos;org.springframework.context.annotation.internalConfigurationAnnotationProcessor&apos;
21:48:27.932 [main]      DEBUG org.springframework.beans.factory.support.DefaultListableBeanFactory - Returning cached instance of singleton bean &apos;org.springframework.context.annotation.internalAutowiredAnnotationProcessor&apos;
21:48:27.932 [main]      DEBUG org.springframework.beans.factory.support.DefaultListableBeanFactory - Returning cached instance of singleton bean &apos;org.springframework.context.annotation.internalRequiredAnnotationProcessor&apos;
21:48:27.932 [main]      DEBUG org.springframework.beans.factory.support.DefaultListableBeanFactory - Returning cached instance of singleton bean &apos;org.springframework.context.annotation.internalCommonAnnotationProcessor&apos;
21:48:27.932 [main]      DEBUG org.springframework.beans.factory.support.DefaultListableBeanFactory - Returning cached instance of singleton bean &apos;org.springframework.context.annotation.internalPersistenceAnnotationProcessor&apos;
21:48:27.933 [main]      DEBUG org.springframework.beans.factory.support.DefaultListableBeanFactory - Returning cached instance of singleton bean &apos;entityManagerFactory&apos;
21:48:27.933 [main]      DEBUG org.springframework.beans.factory.support.DefaultListableBeanFactory - Creating shared instance of singleton bean &apos;transactionManager&apos;
21:48:27.934 [main]      DEBUG org.springframework.beans.factory.support.DefaultListableBeanFactory - Creating instance of bean &apos;transactionManager&apos;
21:48:27.942 [main]      DEBUG org.springframework.beans.factory.support.DefaultListableBeanFactory - Eagerly caching bean &apos;transactionManager&apos; to allow for resolving potential circular references
21:48:27.948 [main]      DEBUG org.springframework.beans.factory.support.DefaultListableBeanFactory - Returning cached instance of singleton bean &apos;entityManagerFactory&apos;
21:48:27.948 [main]      DEBUG org.springframework.beans.factory.support.DefaultListableBeanFactory - Invoking afterPropertiesSet() on bean with name &apos;transactionManager&apos;
21:48:27.950 [main]      DEBUG org.springframework.beans.factory.support.DefaultListableBeanFactory - Returning cached instance of singleton bean &apos;org.springframework.transaction.config.internalTransactionAdvisor&apos;
21:48:27.951 [main]      DEBUG org.springframework.beans.factory.support.DefaultListableBeanFactory - Finished creating instance of bean &apos;transactionManager&apos;
21:48:27.951 [main]      DEBUG org.springframework.beans.factory.support.DefaultListableBeanFactory - Returning cached instance of singleton bean &apos;org.springframework.orm.jpa.support.PersistenceAnnotationBeanPostProcessor#0&apos;
21:48:27.952 [main]      DEBUG org.springframework.beans.factory.support.DefaultListableBeanFactory - Returning cached instance of singleton bean &apos;dataSource&apos;
21:48:27.952 [main]      DEBUG org.springframework.beans.factory.support.DefaultListableBeanFactory - Returning cached instance of singleton bean &apos;org.springframework.aop.config.internalAutoProxyCreator&apos;
21:48:27.952 [main]      DEBUG org.springframework.beans.factory.support.DefaultListableBeanFactory - Returning cached instance of singleton bean &apos;org.springframework.transaction.annotation.AnnotationTransactionAttributeSource#0&apos;
21:48:27.984 [main]      DEBUG org.springframework.beans.factory.support.DefaultListableBeanFactory - Returning cached instance of singleton bean &apos;org.springframework.transaction.interceptor.TransactionInterceptor#0&apos;
21:48:27.984 [main]      DEBUG org.springframework.beans.factory.support.DefaultListableBeanFactory - Returning cached instance of singleton bean &apos;org.springframework.transaction.config.internalTransactionAdvisor&apos;
21:48:27.984 [main]      DEBUG org.springframework.beans.factory.support.DefaultListableBeanFactory - Returning cached instance of singleton bean &apos;org.springframework.context.annotation.ConfigurationClassPostProcessor.importAwareProcessor&apos;
21:48:27.984 [main]      DEBUG org.springframework.beans.factory.support.DefaultListableBeanFactory - Returning cached instance of singleton bean &apos;org.springframework.context.annotation.ConfigurationClassPostProcessor.enhancedConfigurationProcessor&apos;
21:48:27.986 [main]      DEBUG org.springframework.context.support.ClassPathXmlApplicationContext - Unable to locate LifecycleProcessor with name &apos;lifecycleProcessor&apos;: using default [org.springframework.context.support.DefaultLifecycleProcessor@36ac8a63]
21:48:27.987 [main]      DEBUG org.springframework.beans.factory.support.DefaultListableBeanFactory - Returning cached instance of singleton bean &apos;lifecycleProcessor&apos;
21:48:27.991 [main]      DEBUG org.springframework.core.env.PropertySourcesPropertyResolver - Searching for key &apos;spring.liveBeansView.mbeanDomain&apos; in [systemProperties]
21:48:27.991 [main]      DEBUG org.springframework.core.env.PropertySourcesPropertyResolver - Searching for key &apos;spring.liveBeansView.mbeanDomain&apos; in [systemEnvironment]
21:48:27.992 [main]      DEBUG org.springframework.core.env.PropertySourcesPropertyResolver - Could not find key &apos;spring.liveBeansView.mbeanDomain&apos; in any property source. Returning [null]
21:48:27.992 [main]      DEBUG org.springframework.beans.factory.support.DefaultListableBeanFactory - Returning cached instance of singleton bean &apos;superUserServiceImpl&apos;
21:48:28.017 [main]      DEBUG org.springframework.beans.factory.support.DefaultListableBeanFactory - Returning cached instance of singleton bean &apos;transactionManager&apos;
21:48:28.022 [main]      DEBUG org.springframework.orm.jpa.JpaTransactionManager - Creating new transaction with name [com.restaurant.DAO.LoginDAOImpl.login]: PROPAGATION_REQUIRED,ISOLATION_DEFAULT; &apos;&apos;
[EL Info]: 2015-12-19 21:48:28.052--ServerSession(1114335860)--Thread(Thread[main,5,main])--EclipseLink, version: Eclipse Persistence Services - 2.5.0.v20130507-3faac2b
[EL Config]: connection: 2015-12-19 21:48:28.061--ServerSession(1114335860)--Connection(740467528)--Thread(Thread[main,5,main])--connecting(DatabaseLogin(
	platform=&gt;DerbyPlatform
	user name=&gt; &quot;&quot;
	connector=&gt;JNDIConnector datasource name=&gt;null
))
21:48:28.062 [main]      DEBUG org.springframework.jdbc.datasource.DriverManagerDataSource - Creating new JDBC DriverManager Connection to [jdbc:derby:..//RestaurantDB1;create=true]
[EL Config]: connection: 2015-12-19 21:48:29.364--ServerSession(1114335860)--Connection(1896708863)--Thread(Thread[main,5,main])--Connected: jdbc:derby:..//RestaurantDB1
	User: APP
	Database: Apache Derby  Version: 10.10.1.1 - (1458268)
	Driver: Apache Derby Embedded JDBC Driver  Version: 10.10.1.1 - (1458268)
[EL Config]: connection: 2015-12-19 21:48:29.365--ServerSession(1114335860)--Connection(763236610)--Thread(Thread[main,5,main])--connecting(DatabaseLogin(
	platform=&gt;DerbyPlatform
	user name=&gt; &quot;&quot;
	connector=&gt;JNDIConnector datasource name=&gt;null
))
21:48:29.366 [main]      DEBUG org.springframework.jdbc.datasource.DriverManagerDataSource - Creating new JDBC DriverManager Connection to [jdbc:derby:..//RestaurantDB1;create=true]
[EL Config]: connection: 2015-12-19 21:48:29.368--ServerSession(1114335860)--Connection(1832284192)--Thread(Thread[main,5,main])--Connected: jdbc:derby:..//RestaurantDB1
	User: APP
	Database: Apache Derby  Version: 10.10.1.1 - (1458268)
	Driver: Apache Derby Embedded JDBC Driver  Version: 10.10.1.1 - (1458268)
[EL Info]: connection: 2015-12-19 21:48:29.509--ServerSession(1114335860)--Thread(Thread[main,5,main])--file:/D:/ϳ�������� �� ������/�����/Java EE/project/DAily backup/ElectronicRestaurant/target/classes_Restaurant login successful
21:48:29.540 [main]      DEBUG org.springframework.jdbc.datasource.DriverManagerDataSource - Creating new JDBC DriverManager Connection to [jdbc:derby:..//RestaurantDB1;create=true]
21:48:29.863 [main]      DEBUG org.springframework.jdbc.datasource.DriverManagerDataSource - Creating new JDBC DriverManager Connection to [jdbc:derby:..//RestaurantDB1;create=true]
21:48:29.881 [main]      DEBUG org.springframework.jdbc.datasource.DriverManagerDataSource - Creating new JDBC DriverManager Connection to [jdbc:derby:..//RestaurantDB1;create=true]
21:48:29.901 [main]      DEBUG org.springframework.jdbc.datasource.DriverManagerDataSource - Creating new JDBC DriverManager Connection to [jdbc:derby:..//RestaurantDB1;create=true]
21:48:29.915 [main]      DEBUG org.springframework.jdbc.datasource.DriverManagerDataSource - Creating new JDBC DriverManager Connection to [jdbc:derby:..//RestaurantDB1;create=true]
21:48:29.966 [main]      DEBUG org.springframework.orm.jpa.JpaTransactionManager - Opened new EntityManager [org.eclipse.persistence.internal.jpa.EntityManagerImpl@6e91893] for JPA transaction
21:48:29.983 [main]      DEBUG org.springframework.jdbc.datasource.DriverManagerDataSource - Creating new JDBC DriverManager Connection to [jdbc:derby:..//RestaurantDB1;create=true]
21:48:29.987 [main]      DEBUG org.springframework.orm.jpa.JpaTransactionManager - Exposing JPA transaction as JDBC transaction [SimpleConnectionHandle: org.apache.derby.impl.jdbc.EmbedConnection40@1624355359 (XID = 904), (SESSIONID = 15), (DATABASE = ..//RestaurantDB1), (DRDAID = null) ]
[EL Fine]: sql: 2015-12-19 21:48:30.436--ClientSession(208350681)--Connection(1624355359)--Thread(Thread[main,5,main])--SELECT ID, DATEOFBIRTH, DATEOFCREATION, DATEOFLASTLOGIN, DELIVERYADDRESS, EMAIL, ISACTIVE, LOGIN, NAME, PASSWORD, SURNAME, TYPEOFUSER FROM USERS WHERE (LOGIN = ?)
	bind =&gt; [superUser]
21:48:30.465 [main]      DEBUG org.springframework.orm.jpa.JpaTransactionManager - Initiating transaction commit
21:48:30.466 [main]      DEBUG org.springframework.orm.jpa.JpaTransactionManager - Committing JPA transaction on EntityManager [org.eclipse.persistence.internal.jpa.EntityManagerImpl@6e91893]
21:48:30.473 [main]      DEBUG org.springframework.orm.jpa.JpaTransactionManager - Closing JPA EntityManager [org.eclipse.persistence.internal.jpa.EntityManagerImpl@6e91893] after transaction
21:48:30.473 [main]      DEBUG org.springframework.orm.jpa.EntityManagerFactoryUtils - Closing JPA EntityManager
</system-out>
  </testcase>
</testsuite>